2021-02-22T17:16:58.498Z [AUDIT] Token created by 'anonymous': tokenId='a7d36b4d-c6cf-44e4-ac76-11908d30c6c1', issuer='jfrou@01ez5bwmmzma95drcktk963hbv', subject='jfrou@01ez5bwmmzma95drcktk963hbv', expiry=none, refreshable=false
2021-02-22T17:17:03.348Z [AUDIT] Token created by 'anonymous': tokenId='a4ae2ec5-88c6-4457-b8c2-4cd6032749ad', issuer='jfac@01ez5bw5s80wt21vdds1sc1nde', subject='jfac@01ez5bw5s80wt21vdds1sc1nde', expiry=1614014343320, refreshable=false
2021-02-22T17:17:03.547Z [AUDIT] Token created by 'anonymous': tokenId='f58d285b-844e-4e74-bdf9-d6abc92c714f', issuer='jfac@01ez5bw5s80wt21vdds1sc1nde', subject='jfac@01ez5bw5s80wt21vdds1sc1nde', expiry=1614014343530, refreshable=false
2021-02-22T17:17:04.788Z [AUDIT] Token created by 'anonymous': tokenId='bbede782-5f9a-4e88-9fd2-c72fb0e45591', issuer='jfevt@01ez5bw5s80wt21vdds1sc1nde', subject='jfevt@01ez5bw5s80wt21vdds1sc1nde', expiry=none, refreshable=false
2021-02-22T17:17:04.795Z [AUDIT] Token created by 'anonymous': tokenId='583c3bd5-fbc5-4bee-a883-f559ce6b08ea', issuer='jfmd@01ez5bwn8vzvd4pradtrm0fawr', subject='jfmd@01ez5bwn8vzvd4pradtrm0fawr', expiry=none, refreshable=false
2021-02-22T17:17:05.092Z [AUDIT] Token created by 'jfevt@01ez5bw5s80wt21vdds1sc1nde': tokenId='b0143823-9cc9-4039-af97-e93d0506df2d', issuer='jfevt@01ez5bw5s80wt21vdds1sc1nde', subject='jfevt@01ez5bw5s80wt21vdds1sc1nde', expiry=1614100625075, refreshable=true
2021-02-22T17:17:05.123Z [AUDIT] Token created by 'jfevt@01ez5bw5s80wt21vdds1sc1nde': tokenId='7a5ac4dc-5c3e-498b-9657-b8c50a7b9f1d', issuer='jfevt@01ez5bw5s80wt21vdds1sc1nde', subject='jfevt@01ez5bw5s80wt21vdds1sc1nde', expiry=1614100625078, refreshable=true
2021-02-22T17:17:05.125Z [AUDIT] Token created by 'jfevt@01ez5bw5s80wt21vdds1sc1nde': tokenId='4485635a-cd35-4152-8046-5954ca750796', issuer='jfevt@01ez5bw5s80wt21vdds1sc1nde', subject='jfevt@01ez5bw5s80wt21vdds1sc1nde', expiry=1614100625082, refreshable=true
2021-02-22T17:17:05.137Z [AUDIT] Token created by 'jfevt@01ez5bw5s80wt21vdds1sc1nde': tokenId='520bf609-f5ff-439a-84a1-ae7d13cbaf48', issuer='jfevt@01ez5bw5s80wt21vdds1sc1nde', subject='jfevt@01ez5bw5s80wt21vdds1sc1nde', expiry=1614100625100, refreshable=true
2021-02-22T17:17:29.361Z [AUDIT] Token created by 'anonymous': tokenId='d25fb2be-29bf-4c79-86bb-afe92c7049b4', issuer='jfrt@01ez5bxvh5x7np13qe9rv40zb5', subject='jfrt@01ez5bxvh5x7np13qe9rv40zb5', expiry=none, refreshable=false
2021-02-22T17:17:36.960Z [AUDIT] Token created by 'jfrt@01ez5bxvh5x7np13qe9rv40zb5': tokenId='7a7ac466-2426-49ad-8b99-f81bc4cfb3bc', issuer='jfrt@01ez5bxvh5x7np13qe9rv40zb5', subject='jfrt@01ez5bxvh5x7np13qe9rv40zb5', expiry=2560094256958, refreshable=false
2021-02-22T17:18:02.940Z [AUDIT] Token created by 'anonymous': tokenId='6894bc4a-a98f-4aa0-b8f8-d4baeb540011', issuer='jffe@000', subject='jffe@000', expiry=none, refreshable=false
2021-02-22T17:18:03.100Z [AUDIT] Token created by 'jffe@000': tokenId='bef1cc0c-6e5e-4fe7-8217-aaea0c29b6a3', issuer='jffe@000', subject='jffe@000/users/jffe@000', expiry=1614014883100, refreshable=false
2021-02-22T17:23:50.988Z [AUDIT] Token created by 'jffe@000': tokenId='f19bced4-c9f5-4ea8-a9d9-32f77ad7618e', issuer='jffe@000', subject='jffe@000/users/anonymous', expiry=1614015230988, refreshable=false
2021-02-22T17:23:51.015Z [AUDIT] Token created by 'jffe@000': tokenId='c4f8fc44-7123-4e7a-ba5c-4528d4c8d59a', issuer='jffe@000', subject='jffe@000/users/anonymous', expiry=1614015231015, refreshable=false
2021-02-22T17:23:51.031Z [AUDIT] Token created by 'jffe@000': tokenId='854e93bf-e958-4fed-a2fe-96fb60b4f385', issuer='jffe@000', subject='jffe@000/users/anonymous', expiry=1614015231018, refreshable=false
2021-02-22T17:23:51.058Z [AUDIT] Token created by 'jffe@000': tokenId='62284d3a-fbc5-43a8-8163-f3ed0859568e', issuer='jffe@000', subject='jffe@000/users/anonymous', expiry=1614015231058, refreshable=false
2021-02-22T17:24:32.183Z [AUDIT] Token created by 'jffe@000': tokenId='c6ea36c8-d191-41a8-967a-2cd0fdd67ed7', issuer='jffe@000', subject='jffe@000/users/admin', expiry=1614016472178, refreshable=true
2021-02-22T17:24:32.442Z [AUDIT] Token created by 'jffe@000': tokenId='7c607b8e-94c1-48e5-9cba-99733bbac98a', issuer='jffe@000', subject='jffe@000/users/admin', expiry=1614015272441, refreshable=false
2021-02-22T17:24:32.447Z [AUDIT] Token created by 'jffe@000': tokenId='7d7e1a43-e59e-4feb-8d29-ceedaf569a83', issuer='jffe@000', subject='jffe@000/users/admin', expiry=1614015272446, refreshable=false
2021-02-22T17:24:32.488Z [AUDIT] Token created by 'jffe@000': tokenId='fafcf626-515f-45cd-a2dc-47b5554a515b', issuer='jffe@000', subject='jffe@000/users/admin', expiry=1614015272487, refreshable=false
2021-02-22T17:28:05.983Z [AUDIT] Token created by 'jffe@000': tokenId='bb4feeff-cd3a-4fc7-a9a4-2a7e7e9c892c', issuer='jffe@000', subject='jffe@000/users/jffe@000', expiry=1614015485983, refreshable=false
2021-02-22T17:28:05.992Z [AUDIT] Token created by 'jffe@000': tokenId='497f3a2d-68be-4ec1-affa-aa8983bac010', issuer='jffe@000', subject='jffe@000/users/jffe@000', expiry=1614015485992, refreshable=false
2021-02-22T17:28:05.999Z [AUDIT] Token created by 'jffe@000': tokenId='9b2d44b5-8a64-4d15-af51-e07ced167218', issuer='jffe@000', subject='jffe@000/users/jffe@000', expiry=1614015485998, refreshable=false
2021-02-22T17:28:06.034Z [AUDIT] Token created by 'jffe@000': tokenId='53e6b4d7-2c7e-4b7c-8778-3c86a43d0e88', issuer='jffe@000', subject='jffe@000/users/jffe@000', expiry=1614015486034, refreshable=false
2021-02-22T17:31:54.809Z [AUDIT] Token refreshed by 'jffe@000': oldTokenId='c6ea36c8-d191-41a8-967a-2cd0fdd67ed7', tokenId='827209d8-c7df-4ab7-8511-2cbecd8fa412', issuer='jffe@000', subject='jffe@000/users/admin', expiry=1614016914783, refreshable=true
2021-02-22T17:34:32.497Z [AUDIT] Token created by 'jffe@000': tokenId='287e56ac-dbe5-4543-be58-bb5526c1266c', issuer='jffe@000', subject='jffe@000/users/admin', expiry=1614015872497, refreshable=false
2021-02-22T17:37:44.354Z [AUDIT] Token refreshed by 'jffe@000': oldTokenId='827209d8-c7df-4ab7-8511-2cbecd8fa412', tokenId='9299b9eb-0d11-424a-814f-49b4d52e6620', issuer='jffe@000', subject='jffe@000/users/admin', expiry=1614017264338, refreshable=true
2021-02-22T17:38:06.178Z [AUDIT] Token created by 'jffe@000': tokenId='a55f8aa1-dedd-4c29-b06f-af984fac3f11', issuer='jffe@000', subject='jffe@000/users/jffe@000', expiry=1614016086178, refreshable=false
2021-02-22T17:38:06.181Z [AUDIT] Token created by 'jffe@000': tokenId='63a900d9-af2c-4b48-be4b-13b483d0b39a', issuer='jffe@000', subject='jffe@000/users/jffe@000', expiry=1614016086179, refreshable=false
2021-02-22T17:38:06.183Z [AUDIT] Token created by 'jffe@000': tokenId='0ef05971-76ed-46d1-bce0-f87ef1331138', issuer='jffe@000', subject='jffe@000/users/jffe@000', expiry=1614016086182, refreshable=false
2021-02-22T17:38:06.183Z [AUDIT] Token created by 'jffe@000': tokenId='1b51c42e-3ffb-4aef-bbdb-3e34e70c9a0c', issuer='jffe@000', subject='jffe@000/users/jffe@000', expiry=1614016086183, refreshable=false
2021-02-22T17:39:24.525Z [AUDIT] Token created by 'jffe@000': tokenId='b9b60d9e-1b17-4ed9-94eb-b39d5a41458c', issuer='jffe@000', subject='jffe@000/users/admin', expiry=1614016164525, refreshable=false
2021-02-22T17:44:32.496Z [AUDIT] Token created by 'jffe@000': tokenId='507de29e-5193-408f-8a46-26b85f8b03d4', issuer='jffe@000', subject='jffe@000/users/admin', expiry=1614016472496, refreshable=false
2021-02-22T17:47:29.471Z [AUDIT] Token refreshed by 'jffe@000': oldTokenId='9299b9eb-0d11-424a-814f-49b4d52e6620', tokenId='9f29a483-cad0-4c13-9fe9-559bb632a748', issuer='jffe@000', subject='jffe@000/users/admin', expiry=1614017849462, refreshable=true
2021-02-22T17:48:06.335Z [AUDIT] Token created by 'jffe@000': tokenId='e701d8ba-03db-4426-a030-05ffef18bf9f', issuer='jffe@000', subject='jffe@000/users/jffe@000', expiry=1614016686335, refreshable=false
2021-02-22T17:48:06.335Z [AUDIT] Token created by 'jffe@000': tokenId='87214748-2658-4257-a2a2-63ecafbec594', issuer='jffe@000', subject='jffe@000/users/jffe@000', expiry=1614016686335, refreshable=false
2021-02-22T17:48:06.336Z [AUDIT] Token created by 'jffe@000': tokenId='8a0a9431-5b45-45f5-8dc4-451cfc4ddfa3', issuer='jffe@000', subject='jffe@000/users/jffe@000', expiry=1614016686335, refreshable=false
2021-02-22T17:48:06.342Z [AUDIT] Token created by 'jffe@000': tokenId='63f1bb08-ad23-4a70-bcc7-7461cdae558c', issuer='jffe@000', subject='jffe@000/users/jffe@000', expiry=1614016686342, refreshable=false
2021-02-22T17:52:48.199Z [AUDIT] Token refreshed by 'jffe@000': oldTokenId='9f29a483-cad0-4c13-9fe9-559bb632a748', tokenId='fcec5ffd-55fd-4897-b693-35e2e020d785', issuer='jffe@000', subject='jffe@000/users/admin', expiry=1614018168192, refreshable=true
2021-02-22T17:54:30.343Z [AUDIT] Token created by 'jffe@000': tokenId='687a5959-e37e-4e81-a45f-606241ad7ce2', issuer='jffe@000', subject='jffe@000/users/admin', expiry=1614017070343, refreshable=false
2021-02-22T17:54:32.644Z [AUDIT] Token created by 'jffe@000': tokenId='795c2689-a9dc-4aed-98be-a1a65a478df3', issuer='jffe@000', subject='jffe@000/users/admin', expiry=1614017072644, refreshable=false
2021-02-22T17:57:51.270Z [AUDIT] Token refreshed by 'jffe@000': oldTokenId='fcec5ffd-55fd-4897-b693-35e2e020d785', tokenId='0a867504-dc3d-49d2-81a3-d18488435aef', issuer='jffe@000', subject='jffe@000/users/admin', expiry=1614018471248, refreshable=true
2021-02-22T17:57:51.272Z [AUDIT] Token refreshed by 'jffe@000': oldTokenId='fcec5ffd-55fd-4897-b693-35e2e020d785', tokenId='9ae33700-dc5a-4d02-b239-f81cc0545acb', issuer='jffe@000', subject='jffe@000/users/admin', expiry=1614018471248, refreshable=true
2021-02-22T17:57:51.542Z [AUDIT] Token created by 'jffe@000': tokenId='5901e13e-f018-485a-a8f7-a961556b3039', issuer='jffe@000', subject='jffe@000/users/admin', expiry=1614017271542, refreshable=false
2021-02-22T17:58:06.569Z [AUDIT] Token created by 'jffe@000': tokenId='9b4fb6cc-6151-4c68-99dc-bc983ffe8caf', issuer='jffe@000', subject='jffe@000/users/jffe@000', expiry=1614017286569, refreshable=false
2021-02-22T17:58:06.570Z [AUDIT] Token created by 'jffe@000': tokenId='074397b3-8735-4bd9-ab40-4a8f28d92d49', issuer='jffe@000', subject='jffe@000/users/jffe@000', expiry=1614017286569, refreshable=false
2021-02-22T17:58:06.576Z [AUDIT] Token created by 'jffe@000': tokenId='0492a872-9e08-4761-8a70-5e44370bda72', issuer='jffe@000', subject='jffe@000/users/jffe@000', expiry=1614017286575, refreshable=false
2021-02-22T17:58:06.600Z [AUDIT] Token created by 'jffe@000': tokenId='b6789a93-f9c2-4281-821f-13afc71b55f6', issuer='jffe@000', subject='jffe@000/users/jffe@000', expiry=1614017286600, refreshable=false
2021-02-22T18:04:32.603Z [AUDIT] Token created by 'jffe@000': tokenId='9ee32cce-724b-4ba9-a773-76b308c22a9b', issuer='jffe@000', subject='jffe@000/users/admin', expiry=1614017672603, refreshable=false
2021-02-22T18:07:05.312Z [AUDIT] Token refreshed by 'jffe@000': oldTokenId='0a867504-dc3d-49d2-81a3-d18488435aef', tokenId='385a9f4c-f78f-4623-aa36-064a5a1f72dd', issuer='jffe@000', subject='jffe@000/users/admin', expiry=1614019025307, refreshable=true
2021-02-22T18:08:06.728Z [AUDIT] Token created by 'jffe@000': tokenId='39c24c7c-84d8-48b9-9016-7fcf842e7b5e', issuer='jffe@000', subject='jffe@000/users/jffe@000', expiry=1614017886728, refreshable=false
2021-02-22T18:08:06.737Z [AUDIT] Token created by 'jffe@000': tokenId='fbbed4a3-b9d1-4220-9a4b-dd740f1fed27', issuer='jffe@000', subject='jffe@000/users/jffe@000', expiry=1614017886736, refreshable=false
2021-02-22T18:08:06.732Z [AUDIT] Token created by 'jffe@000': tokenId='3da8c0e6-abb8-4f3d-913d-15ff30c1e9fb', issuer='jffe@000', subject='jffe@000/users/jffe@000', expiry=1614017886731, refreshable=false
2021-02-22T18:08:06.751Z [AUDIT] Token created by 'jffe@000': tokenId='18bba30b-dbf7-4430-9cc0-c8d02e597d2e', issuer='jffe@000', subject='jffe@000/users/jffe@000', expiry=1614017886751, refreshable=false
2021-02-22T18:14:33.101Z [AUDIT] Token created by 'jffe@000': tokenId='1ec622a2-762a-4635-a8a6-0f03763b203a', issuer='jffe@000', subject='jffe@000/users/admin', expiry=1614018273101, refreshable=false
2021-02-22T18:14:59.485Z [AUDIT] Token refreshed by 'jffe@000': oldTokenId='385a9f4c-f78f-4623-aa36-064a5a1f72dd', tokenId='3596b7a3-0cff-4f6c-b9dc-b9b43f560eb2', issuer='jffe@000', subject='jffe@000/users/admin', expiry=1614019499467, refreshable=true
2021-02-22T18:18:06.761Z [AUDIT] Token created by 'jffe@000': tokenId='d3cdc7e5-73b1-4e47-85ae-83b602b1d671', issuer='jffe@000', subject='jffe@000/users/jffe@000', expiry=1614018486759, refreshable=false
2021-02-22T18:18:06.763Z [AUDIT] Token created by 'jffe@000': tokenId='48d7523d-0b9a-4cd8-bedc-8bb156e27b58', issuer='jffe@000', subject='jffe@000/users/jffe@000', expiry=1614018486761, refreshable=false
2021-02-22T18:18:06.768Z [AUDIT] Token created by 'jffe@000': tokenId='5054a17c-5a0e-4505-9067-786ec4d86ec8', issuer='jffe@000', subject='jffe@000/users/jffe@000', expiry=1614018486767, refreshable=false
2021-02-22T18:18:06.780Z [AUDIT] Token created by 'jffe@000': tokenId='1fe2c02d-2730-4638-b90e-34b4c867b4be', issuer='jffe@000', subject='jffe@000/users/jffe@000', expiry=1614018486780, refreshable=false
2021-02-22T18:24:33.104Z [AUDIT] Token created by 'jffe@000': tokenId='d71fb46f-2ce0-4177-b6d7-6685c6da9135', issuer='jffe@000', subject='jffe@000/users/admin', expiry=1614018873104, refreshable=false
2021-02-22T18:25:20.746Z [AUDIT] Token refreshed by 'jffe@000': oldTokenId='3596b7a3-0cff-4f6c-b9dc-b9b43f560eb2', tokenId='7363895c-0f84-4cd6-81f0-e0c664bb6bd4', issuer='jffe@000', subject='jffe@000/users/admin', expiry=1614020120727, refreshable=true
2021-02-22T18:26:16.617Z [AUDIT] Token created by 'jffe@000': tokenId='c3335e61-a54b-4862-a2a5-ddb816190cd3', issuer='jffe@000', subject='jffe@000/users/admin', expiry=1614018976617, refreshable=false
2021-02-22T18:28:06.887Z [AUDIT] Token created by 'jffe@000': tokenId='aea0c9ae-beb1-4d25-8c0d-694da27a71b6', issuer='jffe@000', subject='jffe@000/users/jffe@000', expiry=1614019086887, refreshable=false
2021-02-22T18:28:06.887Z [AUDIT] Token created by 'jffe@000': tokenId='59e4aff2-16f4-4459-a96d-487b35ec51fa', issuer='jffe@000', subject='jffe@000/users/jffe@000', expiry=1614019086887, refreshable=false
2021-02-22T18:28:06.890Z [AUDIT] Token created by 'jffe@000': tokenId='7fc970f5-d9b0-46c9-a0c3-9ca84223f100', issuer='jffe@000', subject='jffe@000/users/jffe@000', expiry=1614019086889, refreshable=false
2021-02-22T18:28:06.906Z [AUDIT] Token created by 'jffe@000': tokenId='a189c7d9-01a3-4662-9602-9c13c771a1b3', issuer='jffe@000', subject='jffe@000/users/jffe@000', expiry=1614019086905, refreshable=false
2021-02-22T18:31:39.829Z [AUDIT] Token refreshed by 'jffe@000': oldTokenId='7363895c-0f84-4cd6-81f0-e0c664bb6bd4', tokenId='b2a3a2b1-c63a-448e-a318-60b1bfa7176f', issuer='jffe@000', subject='jffe@000/users/admin', expiry=1614020499824, refreshable=true
2021-02-22T18:32:13.926Z [AUDIT] Token revoked by 'jffe@000': tokenId='b2a3a2b1-c63a-448e-a318-60b1bfa7176f', issuer='jffe@000', subject='jffe@000/users/admin', expiry=1614020499824, refreshable=true
2021-02-22T18:32:14.297Z [AUDIT] Token created by 'jffe@000': tokenId='f51811d9-2c40-48ce-93eb-30ae15daeaa9', issuer='jffe@000', subject='jffe@000/users/anonymous', expiry=1614019334295, refreshable=false
2021-02-22T18:32:14.306Z [AUDIT] Token created by 'jffe@000': tokenId='b3e4633f-b1c3-43a5-8ced-1df1d5196628', issuer='jffe@000', subject='jffe@000/users/anonymous', expiry=1614019334305, refreshable=false
2021-02-22T18:32:14.306Z [AUDIT] Token created by 'jffe@000': tokenId='9e54dde9-05dc-4dbd-b538-05039615494d', issuer='jffe@000', subject='jffe@000/users/anonymous', expiry=1614019334306, refreshable=false
2021-02-22T18:32:14.363Z [AUDIT] Token created by 'jffe@000': tokenId='c8aefb14-7ec4-4822-9713-6800e6d70507', issuer='jffe@000', subject='jffe@000/users/anonymous', expiry=1614019334362, refreshable=false
2021-02-22T18:32:25.649Z [AUDIT] Token created by 'jffe@000': tokenId='bd8dbc5d-448e-4c65-9366-65ffecc40156', issuer='jffe@000', subject='jffe@000/users/maven', expiry=1614020545645, refreshable=true
2021-02-22T18:32:25.799Z [AUDIT] Token created by 'jffe@000': tokenId='b70fb4ed-bc58-4881-b899-f4adc822218e', issuer='jffe@000', subject='jffe@000/users/maven', expiry=1614019345799, refreshable=false
2021-02-22T18:33:22.213Z [AUDIT] Token revoked by 'jffe@000': tokenId='bd8dbc5d-448e-4c65-9366-65ffecc40156', issuer='jffe@000', subject='jffe@000/users/maven', expiry=1614020545645, refreshable=true
2021-02-22T18:33:35.299Z [AUDIT] Token created by 'jffe@000': tokenId='ee526e9e-ecce-4dd1-90ea-ee1d89fd4200', issuer='jffe@000', subject='jffe@000/users/admin', expiry=1614020615292, refreshable=true
2021-02-22T18:33:35.507Z [AUDIT] Token created by 'jffe@000': tokenId='95060496-8a16-427b-950c-896ebd09ce9a', issuer='jffe@000', subject='jffe@000/users/admin', expiry=1614019415506, refreshable=false
2021-02-22T18:33:35.507Z [AUDIT] Token created by 'jffe@000': tokenId='b29e21bc-69a8-42ec-a9ae-a127b2145ccb', issuer='jffe@000', subject='jffe@000/users/admin', expiry=1614019415506, refreshable=false
2021-02-22T18:33:35.508Z [AUDIT] Token created by 'jffe@000': tokenId='2a5fce5c-80e5-4424-8feb-8e3ce457dad9', issuer='jffe@000', subject='jffe@000/users/admin', expiry=1614019415508, refreshable=false
2021-02-22T18:34:18.123Z [AUDIT] Token created by 'jffe@000': tokenId='ef33d748-4b66-4cda-86c5-ea4cff2503d1', issuer='jffe@000', subject='jffe@000/users/admin', expiry=1614019458123, refreshable=false
2021-02-22T18:38:07.045Z [AUDIT] Token created by 'jffe@000': tokenId='ffcf67fb-a415-4d88-a4f8-774fa2c58a8f', issuer='jffe@000', subject='jffe@000/users/jffe@000', expiry=1614019687045, refreshable=false
2021-02-22T18:38:07.046Z [AUDIT] Token created by 'jffe@000': tokenId='3fcc1668-e030-4917-b393-2b0f225ed347', issuer='jffe@000', subject='jffe@000/users/jffe@000', expiry=1614019687046, refreshable=false
2021-02-22T18:38:07.047Z [AUDIT] Token created by 'jffe@000': tokenId='63edf923-0315-40de-8885-1b00a0a1647f', issuer='jffe@000', subject='jffe@000/users/jffe@000', expiry=1614019687045, refreshable=false
2021-02-22T18:38:07.051Z [AUDIT] Token created by 'jffe@000': tokenId='803f8318-7283-4ce2-8cc9-038b876b2aad', issuer='jffe@000', subject='jffe@000/users/jffe@000', expiry=1614019687051, refreshable=false
2021-02-22T18:40:05.884Z [AUDIT] Token refreshed by 'jffe@000': oldTokenId='ee526e9e-ecce-4dd1-90ea-ee1d89fd4200', tokenId='2889f0da-531a-43d2-8566-816a7d0ba0be', issuer='jffe@000', subject='jffe@000/users/admin', expiry=1614021005863, refreshable=true
2021-02-22T18:40:25.661Z [AUDIT] Token created by 'jffe@000': tokenId='9baf3484-f01f-4fc8-a396-4614b7d07aba', issuer='jffe@000', subject='jffe@000/users/admin', expiry=1614019825661, refreshable=false
2021-02-22T18:43:36.110Z [AUDIT] Token created by 'jffe@000': tokenId='5fa5bc37-c8e0-4ca2-bb89-4d32cc1d0946', issuer='jffe@000', subject='jffe@000/users/admin', expiry=1614020016110, refreshable=false
2021-02-22T18:48:07.171Z [AUDIT] Token created by 'jffe@000': tokenId='14aca816-1a56-4a28-aebc-ba892726516f', issuer='jffe@000', subject='jffe@000/users/jffe@000', expiry=1614020287171, refreshable=false
2021-02-22T18:48:07.171Z [AUDIT] Token created by 'jffe@000': tokenId='6533024e-1b09-4ab2-ab0c-9fa239455f2b', issuer='jffe@000', subject='jffe@000/users/jffe@000', expiry=1614020287171, refreshable=false
2021-02-22T18:48:07.171Z [AUDIT] Token created by 'jffe@000': tokenId='3937489f-287e-4cfd-9287-74e09dcae39c', issuer='jffe@000', subject='jffe@000/users/jffe@000', expiry=1614020287171, refreshable=false
2021-02-22T18:48:07.187Z [AUDIT] Token created by 'jffe@000': tokenId='8a18f3cd-ef0d-46ca-b443-8b6350628d39', issuer='jffe@000', subject='jffe@000/users/jffe@000', expiry=1614020287187, refreshable=false
2021-02-22T18:50:23.828Z [AUDIT] Token refreshed by 'jffe@000': oldTokenId='2889f0da-531a-43d2-8566-816a7d0ba0be', tokenId='ad67ebd3-a47d-45d5-b8c9-23145c5c0a73', issuer='jffe@000', subject='jffe@000/users/admin', expiry=1614021623819, refreshable=true
2021-02-22T18:50:33.359Z [AUDIT] Token created by 'jffe@000': tokenId='cdf6abe3-0c2b-4be9-978b-1532e981e9d1', issuer='jffe@000', subject='jffe@000/users/admin', expiry=1614020433358, refreshable=false
2021-02-22T18:53:36.096Z [AUDIT] Token created by 'jffe@000': tokenId='fd80fc16-d5f3-4c66-a0d1-5f0e9f61cc44', issuer='jffe@000', subject='jffe@000/users/admin', expiry=1614020616096, refreshable=false
2021-02-22T18:58:07.503Z [AUDIT] Token created by 'jffe@000': tokenId='e9a57fe2-9c9a-45ed-9765-1f6ece98cf43', issuer='jffe@000', subject='jffe@000/users/jffe@000', expiry=1614020887503, refreshable=false
2021-02-22T18:58:07.524Z [AUDIT] Token created by 'jffe@000': tokenId='4969c5e9-b6dc-461d-acc9-0677d9b2973b', issuer='jffe@000', subject='jffe@000/users/jffe@000', expiry=1614020887523, refreshable=false
2021-02-22T18:58:07.524Z [AUDIT] Token created by 'jffe@000': tokenId='f23b7e2f-7676-4b66-aa58-280030416869', issuer='jffe@000', subject='jffe@000/users/jffe@000', expiry=1614020887524, refreshable=false
2021-02-22T18:58:07.540Z [AUDIT] Token created by 'jffe@000': tokenId='f4c7bc92-f1f8-4147-97d0-a2a67fa7620d', issuer='jffe@000', subject='jffe@000/users/jffe@000', expiry=1614020887539, refreshable=false
2021-02-22T19:00:30.825Z [AUDIT] Token refreshed by 'jffe@000': oldTokenId='ad67ebd3-a47d-45d5-b8c9-23145c5c0a73', tokenId='b138fc16-d5aa-41a8-9564-7bcc4c0ceeba', issuer='jffe@000', subject='jffe@000/users/admin', expiry=1614022230820, refreshable=true
2021-02-22T19:03:36.183Z [AUDIT] Token created by 'jffe@000': tokenId='8bce663e-e5cf-4a31-84fe-6d22535811b7', issuer='jffe@000', subject='jffe@000/users/admin', expiry=1614021216182, refreshable=false
2021-02-22T19:08:07.706Z [AUDIT] Token created by 'jffe@000': tokenId='cc4359f7-35a4-41d4-81f7-d0e34bda0dc7', issuer='jffe@000', subject='jffe@000/users/jffe@000', expiry=1614021487706, refreshable=false
2021-02-22T19:08:07.707Z [AUDIT] Token created by 'jffe@000': tokenId='0a8ca3e7-9548-46f5-9666-ec109950e362', issuer='jffe@000', subject='jffe@000/users/jffe@000', expiry=1614021487707, refreshable=false
2021-02-22T19:08:07.707Z [AUDIT] Token created by 'jffe@000': tokenId='8d8e9306-a6d5-4534-9a13-293668d3e95f', issuer='jffe@000', subject='jffe@000/users/jffe@000', expiry=1614021487707, refreshable=false
2021-02-22T19:08:07.711Z [AUDIT] Token created by 'jffe@000': tokenId='23951dcb-b4c3-4929-8117-bd84b1ff2ba9', issuer='jffe@000', subject='jffe@000/users/jffe@000', expiry=1614021487711, refreshable=false
2021-02-22T19:13:36.226Z [AUDIT] Token created by 'jffe@000': tokenId='950e010c-0b99-478d-a6c9-be52197cb2ff', issuer='jffe@000', subject='jffe@000/users/admin', expiry=1614021816226, refreshable=false
2021-02-22T19:16:29.846Z [AUDIT] Token refreshed by 'jffe@000': oldTokenId='b138fc16-d5aa-41a8-9564-7bcc4c0ceeba', tokenId='e7f4d477-a0fe-4436-b18f-41dc70b3a23b', issuer='jffe@000', subject='jffe@000/users/admin', expiry=1614023189841, refreshable=true
2021-02-22T19:17:40.206Z [AUDIT] Token created by 'jffe@000': tokenId='ed266f30-ffef-4757-ad63-415d65a3a11c', issuer='jffe@000', subject='jffe@000/users/admin', expiry=1614022060206, refreshable=false
2021-02-22T19:18:08.026Z [AUDIT] Token created by 'jffe@000': tokenId='b6ec637c-5064-4c87-b0ad-59ce4f7cbf71', issuer='jffe@000', subject='jffe@000/users/jffe@000', expiry=1614022088025, refreshable=false
2021-02-22T19:18:08.026Z [AUDIT] Token created by 'jffe@000': tokenId='1efdfed2-edc8-4b11-913b-be7491e4471e', issuer='jffe@000', subject='jffe@000/users/jffe@000', expiry=1614022088026, refreshable=false
2021-02-22T19:18:08.026Z [AUDIT] Token created by 'jffe@000': tokenId='a364f93d-8e73-4234-8695-370c39cc8c51', issuer='jffe@000', subject='jffe@000/users/jffe@000', expiry=1614022088026, refreshable=false
2021-02-22T19:18:08.039Z [AUDIT] Token created by 'jffe@000': tokenId='7ca6c468-b478-4114-9b8d-a520d1964e95', issuer='jffe@000', subject='jffe@000/users/jffe@000', expiry=1614022088039, refreshable=false
2021-02-22T19:23:36.239Z [AUDIT] Token created by 'jffe@000': tokenId='93997bff-dfab-4d35-90fa-7acd818bde5a', issuer='jffe@000', subject='jffe@000/users/admin', expiry=1614022416239, refreshable=false
2021-02-22T19:28:08.177Z [AUDIT] Token created by 'jffe@000': tokenId='b7e358b9-8551-4f28-a31f-19122d0e88ef', issuer='jffe@000', subject='jffe@000/users/jffe@000', expiry=1614022688177, refreshable=false
2021-02-22T19:28:08.178Z [AUDIT] Token created by 'jffe@000': tokenId='8b5dad9e-27d0-4d3b-ac3d-4b1bc28fb162', issuer='jffe@000', subject='jffe@000/users/jffe@000', expiry=1614022688178, refreshable=false
2021-02-22T19:28:08.180Z [AUDIT] Token created by 'jffe@000': tokenId='1fa9fd55-6e89-4dde-9d62-9000913d4a5d', issuer='jffe@000', subject='jffe@000/users/jffe@000', expiry=1614022688180, refreshable=false
2021-02-22T19:28:08.184Z [AUDIT] Token created by 'jffe@000': tokenId='2f6f44dc-4f59-46e5-a582-59a61becb6a1', issuer='jffe@000', subject='jffe@000/users/jffe@000', expiry=1614022688183, refreshable=false
2021-02-22T19:33:36.236Z [AUDIT] Token created by 'jffe@000': tokenId='4aaf5b25-207d-42da-b604-1974a7d7f005', issuer='jffe@000', subject='jffe@000/users/admin', expiry=1614023016236, refreshable=false
2021-02-22T19:37:01.674Z [AUDIT] Token refreshed by 'jffe@000': oldTokenId='e7f4d477-a0fe-4436-b18f-41dc70b3a23b', tokenId='36363503-051f-447a-ab5f-cd16b7f9d8f6', issuer='jffe@000', subject='jffe@000/users/admin', expiry=1614024421668, refreshable=true
2021-02-22T19:38:08.412Z [AUDIT] Token created by 'jffe@000': tokenId='271f6755-f08b-4993-8f86-027643f8aadb', issuer='jffe@000', subject='jffe@000/users/jffe@000', expiry=1614023288412, refreshable=false
2021-02-22T19:38:08.414Z [AUDIT] Token created by 'jffe@000': tokenId='12d4137a-df36-4e35-a71d-c5ade99af333', issuer='jffe@000', subject='jffe@000/users/jffe@000', expiry=1614023288414, refreshable=false
2021-02-22T19:38:08.414Z [AUDIT] Token created by 'jffe@000': tokenId='3489598c-f1a8-4c3b-abe5-850c0021afd9', issuer='jffe@000', subject='jffe@000/users/jffe@000', expiry=1614023288414, refreshable=false
2021-02-22T19:38:08.428Z [AUDIT] Token created by 'jffe@000': tokenId='0a04c889-8791-479d-b689-0ce255be1917', issuer='jffe@000', subject='jffe@000/users/jffe@000', expiry=1614023288428, refreshable=false
2021-02-22T19:43:36.224Z [AUDIT] Token created by 'jffe@000': tokenId='c5c96a2b-6139-435c-9e18-028cead9ee7d', issuer='jffe@000', subject='jffe@000/users/admin', expiry=1614023616224, refreshable=false
2021-02-22T19:48:08.550Z [AUDIT] Token created by 'jffe@000': tokenId='b697c9fa-289a-4b48-be9c-e9d91d712a35', issuer='jffe@000', subject='jffe@000/users/jffe@000', expiry=1614023888549, refreshable=false
2021-02-22T19:48:08.561Z [AUDIT] Token created by 'jffe@000': tokenId='eadee222-4f11-4d97-be12-a89f8470aedf', issuer='jffe@000', subject='jffe@000/users/jffe@000', expiry=1614023888561, refreshable=false
2021-02-22T19:48:08.565Z [AUDIT] Token created by 'jffe@000': tokenId='8d5e2d7d-1367-4834-9f60-7345d23d0352', issuer='jffe@000', subject='jffe@000/users/jffe@000', expiry=1614023888565, refreshable=false
2021-02-22T19:48:08.578Z [AUDIT] Token created by 'jffe@000': tokenId='d5e4a9ea-38cb-48d7-87fd-be9c33f4064f', issuer='jffe@000', subject='jffe@000/users/jffe@000', expiry=1614023888578, refreshable=false
2021-02-22T19:54:12.229Z [AUDIT] Token created by 'jffe@000': tokenId='4bfd1a02-fcd2-4368-bd29-acd82c447577', issuer='jffe@000', subject='jffe@000/users/admin', expiry=1614024252228, refreshable=false
2021-02-22T19:58:08.899Z [AUDIT] Token created by 'jffe@000': tokenId='824119c8-2318-4147-8b3d-20fb9a16ae0f', issuer='jffe@000', subject='jffe@000/users/jffe@000', expiry=1614024488898, refreshable=false
2021-02-22T19:58:08.899Z [AUDIT] Token created by 'jffe@000': tokenId='e2d19572-20bc-4505-b745-c94a2f99b83a', issuer='jffe@000', subject='jffe@000/users/jffe@000', expiry=1614024488898, refreshable=false
2021-02-22T19:58:08.900Z [AUDIT] Token created by 'jffe@000': tokenId='03f5f1ea-04b0-42f2-90a7-62db437abf65', issuer='jffe@000', subject='jffe@000/users/jffe@000', expiry=1614024488900, refreshable=false
2021-02-22T19:58:08.912Z [AUDIT] Token created by 'jffe@000': tokenId='80535f39-958c-41d8-9d65-0b940861adc5', issuer='jffe@000', subject='jffe@000/users/jffe@000', expiry=1614024488912, refreshable=false
2021-02-22T19:59:51.392Z [AUDIT] Token refreshed by 'jffe@000': oldTokenId='36363503-051f-447a-ab5f-cd16b7f9d8f6', tokenId='f77d6bc3-9828-4d9f-928c-b6a3648b9887', issuer='jffe@000', subject='jffe@000/users/admin', expiry=1614025791387, refreshable=true
2021-03-01T14:55:43.572Z [AUDIT] Token created by 'anonymous': tokenId='d67ef622-3f4d-461d-8fd1-948ad5c14fee', issuer='jfrou@01ez5bwmmzma95drcktk963hbv', subject='jfrou@01ez5bwmmzma95drcktk963hbv', expiry=none, refreshable=false
2021-03-01T14:55:43.739Z [AUDIT] Token revoked by 'anonymous': tokenId='a7d36b4d-c6cf-44e4-ac76-11908d30c6c1', issuer='jfrou@01ez5bwmmzma95drcktk963hbv', subject='jfrou@01ez5bwmmzma95drcktk963hbv', expiry=none, refreshable=false
2021-03-01T14:55:46.865Z [AUDIT] Token created by 'anonymous': tokenId='9bcfa087-1e3c-4368-ad3b-195d8c9cebab', issuer='jfac@01ez5bw5s80wt21vdds1sc1nde', subject='jfac@01ez5bw5s80wt21vdds1sc1nde', expiry=1614610666849, refreshable=false
2021-03-01T14:55:47.028Z [AUDIT] Token created by 'anonymous': tokenId='af8683ce-023d-4181-bbc9-942cb4741b53', issuer='jfac@01ez5bw5s80wt21vdds1sc1nde', subject='jfac@01ez5bw5s80wt21vdds1sc1nde', expiry=1614610667020, refreshable=false
2021-03-01T14:55:47.277Z [AUDIT] Token created by 'anonymous': tokenId='44472ca2-6eae-4967-9103-2d346182596e', issuer='jfac@01ez5bw5s80wt21vdds1sc1nde', subject='jfac@01ez5bw5s80wt21vdds1sc1nde', expiry=1614610667273, refreshable=false
2021-03-01T14:55:47.597Z [AUDIT] Token created by 'anonymous': tokenId='788b6785-d515-4152-94ba-458d33a839d3', issuer='jfevt@01ez5bw5s80wt21vdds1sc1nde', subject='jfevt@01ez5bw5s80wt21vdds1sc1nde', expiry=none, refreshable=false
2021-03-01T14:55:47.618Z [AUDIT] Token revoked by 'anonymous': tokenId='bbede782-5f9a-4e88-9fd2-c72fb0e45591', issuer='jfevt@01ez5bw5s80wt21vdds1sc1nde', subject='jfevt@01ez5bw5s80wt21vdds1sc1nde', expiry=none, refreshable=false
2021-03-01T14:55:47.825Z [AUDIT] Token created by 'jfevt@01ez5bw5s80wt21vdds1sc1nde': tokenId='05ca11f9-8170-4d83-a2c1-d3f2f4a77805', issuer='jfevt@01ez5bw5s80wt21vdds1sc1nde', subject='jfevt@01ez5bw5s80wt21vdds1sc1nde', expiry=1614696947821, refreshable=true
2021-03-01T14:55:47.843Z [AUDIT] Token created by 'jfevt@01ez5bw5s80wt21vdds1sc1nde': tokenId='5b8dec02-ce74-44ef-ac74-26b0acb27473', issuer='jfevt@01ez5bw5s80wt21vdds1sc1nde', subject='jfevt@01ez5bw5s80wt21vdds1sc1nde', expiry=1614696947821, refreshable=true
2021-03-01T14:55:47.845Z [AUDIT] Token created by 'jfevt@01ez5bw5s80wt21vdds1sc1nde': tokenId='8768f02a-17f9-4576-8810-f4b1cf4bcc31', issuer='jfevt@01ez5bw5s80wt21vdds1sc1nde', subject='jfevt@01ez5bw5s80wt21vdds1sc1nde', expiry=1614696947824, refreshable=true
2021-03-01T14:55:47.844Z [AUDIT] Token created by 'jfevt@01ez5bw5s80wt21vdds1sc1nde': tokenId='53f07d93-948a-4951-bf79-d557e71292c3', issuer='jfevt@01ez5bw5s80wt21vdds1sc1nde', subject='jfevt@01ez5bw5s80wt21vdds1sc1nde', expiry=1614696947824, refreshable=true
2021-03-01T14:55:48.136Z [AUDIT] Token created by 'anonymous': tokenId='921ed780-bde6-4f1c-91d7-7ef67e89d498', issuer='jfmd@01ez5bwn8vzvd4pradtrm0fawr', subject='jfmd@01ez5bwn8vzvd4pradtrm0fawr', expiry=none, refreshable=false
2021-03-01T14:55:48.155Z [AUDIT] Token revoked by 'anonymous': tokenId='583c3bd5-fbc5-4bee-a883-f559ce6b08ea', issuer='jfmd@01ez5bwn8vzvd4pradtrm0fawr', subject='jfmd@01ez5bwn8vzvd4pradtrm0fawr', expiry=none, refreshable=false
2021-03-01T14:55:55.228Z [AUDIT] Token created by 'anonymous': tokenId='9e8936c1-dd4b-482f-963c-d5b494501ae0', issuer='jfrt@01ez5bxvh5x7np13qe9rv40zb5', subject='jfrt@01ez5bxvh5x7np13qe9rv40zb5', expiry=none, refreshable=false
2021-03-01T14:55:55.242Z [AUDIT] Token revoked by 'anonymous': tokenId='d25fb2be-29bf-4c79-86bb-afe92c7049b4', issuer='jfrt@01ez5bxvh5x7np13qe9rv40zb5', subject='jfrt@01ez5bxvh5x7np13qe9rv40zb5', expiry=none, refreshable=false
2021-03-01T14:55:57.571Z [AUDIT] Token created by 'jfrt@01ez5bxvh5x7np13qe9rv40zb5': tokenId='b19e6349-47fa-4153-b0c9-1280db13914b', issuer='jfrt@01ez5bxvh5x7np13qe9rv40zb5', subject='jfrt@01ez5bxvh5x7np13qe9rv40zb5', expiry=2560690557565, refreshable=false
2021-03-01T14:56:11.334Z [AUDIT] Token created by 'anonymous': tokenId='ba682698-e5f5-4882-9821-c4c9debd4e1e', issuer='jffe@000', subject='jffe@000', expiry=none, refreshable=false
2021-03-01T14:56:11.342Z [AUDIT] Token revoked by 'anonymous': tokenId='6894bc4a-a98f-4aa0-b8f8-d4baeb540011', issuer='jffe@000', subject='jffe@000', expiry=none, refreshable=false
2021-03-01T14:56:11.420Z [AUDIT] Token created by 'jffe@000': tokenId='9be7fd4e-b987-44d5-bc86-17cf73fe839b', issuer='jffe@000', subject='jffe@000/users/jffe@000', expiry=1614611171420, refreshable=false
2021-03-01T14:57:02.891Z [AUDIT] Token created by 'jffe@000': tokenId='3469159c-0e5f-4d79-8efb-c2ffd94dc85b', issuer='jffe@000', subject='jffe@000/users/anonymous', expiry=1614611222891, refreshable=false
2021-03-01T14:57:02.900Z [AUDIT] Token created by 'jffe@000': tokenId='9dce08cf-3f8d-4459-a40e-0f23d29b28eb', issuer='jffe@000', subject='jffe@000/users/anonymous', expiry=1614611222900, refreshable=false
2021-03-01T14:57:02.913Z [AUDIT] Token created by 'jffe@000': tokenId='629a8559-99c9-4efb-a173-2ea08b862908', issuer='jffe@000', subject='jffe@000/users/anonymous', expiry=1614611222903, refreshable=false
2021-03-01T14:57:02.903Z [AUDIT] Token created by 'jffe@000': tokenId='574d6746-3c4f-4e6f-9a44-31323cadb057', issuer='jffe@000', subject='jffe@000/users/anonymous', expiry=1614611222903, refreshable=false
2021-03-01T14:57:26.435Z [AUDIT] Token created by 'jffe@000': tokenId='4d3c4a2f-0959-4ee9-b79a-514d84e5cda8', issuer='jffe@000', subject='jffe@000/users/admin', expiry=1614612446433, refreshable=true
2021-03-01T14:57:26.578Z [AUDIT] Token created by 'jffe@000': tokenId='872e422d-954f-4f99-b964-5bdaa4a93de6', issuer='jffe@000', subject='jffe@000/users/admin', expiry=1614611246578, refreshable=false
2021-03-01T14:57:26.587Z [AUDIT] Token created by 'jffe@000': tokenId='886709e5-92a2-4e76-ae09-fd9d2a55a944', issuer='jffe@000', subject='jffe@000/users/admin', expiry=1614611246586, refreshable=false
2021-03-01T14:57:26.593Z [AUDIT] Token created by 'jffe@000': tokenId='c46a7c57-ccfa-4864-91d7-44cff539511c', issuer='jffe@000', subject='jffe@000/users/admin', expiry=1614611246593, refreshable=false
2021-03-01T14:57:28.046Z [AUDIT] Token created by 'jffe@000': tokenId='ed0efe41-2af5-40c8-94da-ab3d2fab752e', issuer='jffe@000', subject='jffe@000/users/admin', expiry=1614611248043, refreshable=false
2021-03-01T15:06:14.150Z [AUDIT] Token created by 'jffe@000': tokenId='f79d3864-354d-4a97-b8d0-049e438c1f33', issuer='jffe@000', subject='jffe@000/users/jffe@000', expiry=1614611774150, refreshable=false
2021-03-01T15:06:14.151Z [AUDIT] Token created by 'jffe@000': tokenId='64573377-0675-43d8-a11a-86c67dc76af8', issuer='jffe@000', subject='jffe@000/users/jffe@000', expiry=1614611774150, refreshable=false
2021-03-01T15:06:14.154Z [AUDIT] Token created by 'jffe@000': tokenId='a5e2c617-c73a-4b70-8167-533f7f5380b0', issuer='jffe@000', subject='jffe@000/users/jffe@000', expiry=1614611774153, refreshable=false
2021-03-01T15:06:14.170Z [AUDIT] Token created by 'jffe@000': tokenId='d8b6cc8c-538f-4525-8279-073c48947ab8', issuer='jffe@000', subject='jffe@000/users/jffe@000', expiry=1614611774169, refreshable=false
2021-03-01T15:07:59.910Z [AUDIT] Token created by 'jffe@000': tokenId='40394c10-534c-4c0f-ba11-a230d0d4a245', issuer='jffe@000', subject='jffe@000/users/admin', expiry=1614611879909, refreshable=false
2021-03-01T15:09:45.064Z [AUDIT] Token refreshed by 'jffe@000': oldTokenId='4d3c4a2f-0959-4ee9-b79a-514d84e5cda8', tokenId='0bcb1f31-8dd7-4b07-86b7-390dddfac350', issuer='jffe@000', subject='jffe@000/users/admin', expiry=1614613185053, refreshable=true
2021-03-01T15:14:53.148Z [AUDIT] Token refreshed by 'jffe@000': oldTokenId='0bcb1f31-8dd7-4b07-86b7-390dddfac350', tokenId='63c25db0-f2ac-4660-9b1a-5ff8f2fd9a2a', issuer='jffe@000', subject='jffe@000/users/admin', expiry=1614613493138, refreshable=true
2021-03-01T15:16:14.171Z [AUDIT] Token created by 'jffe@000': tokenId='1f183531-6b47-4663-a9fd-57c544dc162c', issuer='jffe@000', subject='jffe@000/users/jffe@000', expiry=1614612374171, refreshable=false
2021-03-01T15:16:14.172Z [AUDIT] Token created by 'jffe@000': tokenId='8910f4d8-6f7d-4be2-8877-d019405519d5', issuer='jffe@000', subject='jffe@000/users/jffe@000', expiry=1614612374171, refreshable=false
2021-03-01T15:16:14.174Z [AUDIT] Token created by 'jffe@000': tokenId='9e4a36d0-4417-4280-9ea3-7c590e54d6a5', issuer='jffe@000', subject='jffe@000/users/jffe@000', expiry=1614612374173, refreshable=false
2021-03-01T15:16:14.182Z [AUDIT] Token created by 'jffe@000': tokenId='adb2d6ab-cc29-4756-a5d0-5b6965f269d3', issuer='jffe@000', subject='jffe@000/users/jffe@000', expiry=1614612374174, refreshable=false
2021-03-01T15:18:16.949Z [AUDIT] Token created by 'jffe@000': tokenId='e6b9fff1-4ce8-4dbf-ad75-d7d76e3dc583', issuer='jffe@000', subject='jffe@000/users/admin', expiry=1614612496949, refreshable=false
2021-03-01T15:26:14.235Z [AUDIT] Token created by 'jffe@000': tokenId='3cbbb331-141f-4f00-9eb5-b1e1ff0d1ebd', issuer='jffe@000', subject='jffe@000/users/jffe@000', expiry=1614612974235, refreshable=false
2021-03-01T15:26:14.235Z [AUDIT] Token created by 'jffe@000': tokenId='e2144cc4-f8f7-4d8c-99bf-657297813e83', issuer='jffe@000', subject='jffe@000/users/jffe@000', expiry=1614612974235, refreshable=false
2021-03-01T15:26:14.235Z [AUDIT] Token created by 'jffe@000': tokenId='436cf9bf-a87e-453f-91e7-cc4ec742a545', issuer='jffe@000', subject='jffe@000/users/jffe@000', expiry=1614612974235, refreshable=false
2021-03-01T15:26:14.238Z [AUDIT] Token created by 'jffe@000': tokenId='86eac679-60f9-434a-9667-3b56aad0b8be', issuer='jffe@000', subject='jffe@000/users/jffe@000', expiry=1614612974238, refreshable=false
2021-03-01T15:28:59.958Z [AUDIT] Token created by 'jffe@000': tokenId='01c7f2c2-2b36-4875-8a23-a7eb513acd9c', issuer='jffe@000', subject='jffe@000/users/admin', expiry=1614613139957, refreshable=false
2021-03-01T15:36:14.324Z [AUDIT] Token created by 'jffe@000': tokenId='ea3e10dd-e371-4f5a-881f-86bdd10320ed', issuer='jffe@000', subject='jffe@000/users/jffe@000', expiry=1614613574323, refreshable=false
2021-03-01T15:36:14.324Z [AUDIT] Token created by 'jffe@000': tokenId='b407ef50-c225-43b8-b34c-df9cdf88c5e3', issuer='jffe@000', subject='jffe@000/users/jffe@000', expiry=1614613574323, refreshable=false
2021-03-01T15:36:14.324Z [AUDIT] Token created by 'jffe@000': tokenId='1bbdb3a9-b077-40c4-93f7-1e1b230c1016', issuer='jffe@000', subject='jffe@000/users/jffe@000', expiry=1614613574324, refreshable=false
2021-03-01T15:36:14.345Z [AUDIT] Token created by 'jffe@000': tokenId='738f0144-0def-4145-b3c6-b67227822c99', issuer='jffe@000', subject='jffe@000/users/jffe@000', expiry=1614613574337, refreshable=false
2021-03-01T15:38:59.968Z [AUDIT] Token created by 'jffe@000': tokenId='45c2bd37-b861-4daa-a40c-592fc2510d83', issuer='jffe@000', subject='jffe@000/users/admin', expiry=1614613739968, refreshable=false
2021-03-01T15:46:00.248Z [AUDIT] Token created by 'jffe@000': tokenId='d3fc267f-6185-4637-b593-809197192135', issuer='jffe@000', subject='jffe@000/users/anonymous', expiry=1614614160247, refreshable=false
2021-03-01T15:46:00.252Z [AUDIT] Token created by 'jffe@000': tokenId='515b7fed-f52e-4fda-911a-9e858130226c', issuer='jffe@000', subject='jffe@000/users/anonymous', expiry=1614614160249, refreshable=false
2021-03-01T15:46:14.441Z [AUDIT] Token created by 'jffe@000': tokenId='e251f6a2-aad5-4cb6-98a8-778df0782cd0', issuer='jffe@000', subject='jffe@000/users/jffe@000', expiry=1614614174441, refreshable=false
2021-03-01T15:46:14.445Z [AUDIT] Token created by 'jffe@000': tokenId='4fec1456-9fa1-4eca-8d3c-3e87490a5fa8', issuer='jffe@000', subject='jffe@000/users/jffe@000', expiry=1614614174444, refreshable=false
2021-03-01T15:46:14.445Z [AUDIT] Token created by 'jffe@000': tokenId='e3b55bb0-c3a4-4bb1-9f63-25237c7e8df7', issuer='jffe@000', subject='jffe@000/users/jffe@000', expiry=1614614174445, refreshable=false
2021-03-01T15:46:14.445Z [AUDIT] Token created by 'jffe@000': tokenId='2e0d5d94-2053-416c-8a5a-9d6a000eae8e', issuer='jffe@000', subject='jffe@000/users/jffe@000', expiry=1614614174445, refreshable=false
2021-03-01T15:56:14.507Z [AUDIT] Token created by 'jffe@000': tokenId='b9d1f7a9-6a88-42d7-9aee-3113aa827931', issuer='jffe@000', subject='jffe@000/users/jffe@000', expiry=1614614774506, refreshable=false
2021-03-01T15:56:14.507Z [AUDIT] Token created by 'jffe@000': tokenId='e235d422-0066-4075-a2cf-6049067dcb5e', issuer='jffe@000', subject='jffe@000/users/jffe@000', expiry=1614614774507, refreshable=false
2021-03-01T15:56:14.510Z [AUDIT] Token created by 'jffe@000': tokenId='f2eda2bd-69d3-4c76-851b-7eafc67ac63f', issuer='jffe@000', subject='jffe@000/users/jffe@000', expiry=1614614774510, refreshable=false
2021-03-01T15:56:14.507Z [AUDIT] Token created by 'jffe@000': tokenId='5456fe90-7b93-4f04-862e-4fd52357503c', issuer='jffe@000', subject='jffe@000/users/jffe@000', expiry=1614614774507, refreshable=false
2021-03-01T16:06:14.712Z [AUDIT] Token created by 'jffe@000': tokenId='71a4841f-7f29-40cc-bb41-b8f8b4a4d780', issuer='jffe@000', subject='jffe@000/users/jffe@000', expiry=1614615374711, refreshable=false
2021-03-01T16:06:14.712Z [AUDIT] Token created by 'jffe@000': tokenId='442f1c24-e0fc-4bd5-a058-b15b30b590aa', issuer='jffe@000', subject='jffe@000/users/jffe@000', expiry=1614615374712, refreshable=false
2021-03-01T16:06:14.717Z [AUDIT] Token created by 'jffe@000': tokenId='c28079dd-8694-4d8e-99fd-40ec17d22181', issuer='jffe@000', subject='jffe@000/users/jffe@000', expiry=1614615374717, refreshable=false
2021-03-01T16:06:14.712Z [AUDIT] Token created by 'jffe@000': tokenId='01215ab8-a51b-4aaa-a1c9-5de12ae68486', issuer='jffe@000', subject='jffe@000/users/jffe@000', expiry=1614615374711, refreshable=false
2021-03-01T16:16:14.921Z [AUDIT] Token created by 'jffe@000': tokenId='95786e1b-ac62-4a23-b1d5-fdeb78538693', issuer='jffe@000', subject='jffe@000/users/jffe@000', expiry=1614615974921, refreshable=false
2021-03-01T16:16:14.921Z [AUDIT] Token created by 'jffe@000': tokenId='842e4f24-4e82-430b-b498-695c7100efff', issuer='jffe@000', subject='jffe@000/users/jffe@000', expiry=1614615974921, refreshable=false
2021-03-01T16:16:14.933Z [AUDIT] Token created by 'jffe@000': tokenId='57070a84-5c2d-4705-9e7c-e035a1068596', issuer='jffe@000', subject='jffe@000/users/jffe@000', expiry=1614615974933, refreshable=false
2021-03-01T16:16:14.934Z [AUDIT] Token created by 'jffe@000': tokenId='85470ecc-10a2-483d-bf70-e0ccf6e6d13d', issuer='jffe@000', subject='jffe@000/users/jffe@000', expiry=1614615974934, refreshable=false
2021-03-01T16:16:38.880Z [AUDIT] Token created by 'jffe@000': tokenId='6c0130eb-72ed-4df6-9dd1-0c73c27d7c19', issuer='jffe@000', subject='jffe@000/users/admin', expiry=1614617198877, refreshable=true
2021-03-01T16:16:39.014Z [AUDIT] Token created by 'jffe@000': tokenId='93165012-7e28-485d-9eed-787e66daeccf', issuer='jffe@000', subject='jffe@000/users/admin', expiry=1614615999014, refreshable=false
2021-03-01T16:16:39.016Z [AUDIT] Token created by 'jffe@000': tokenId='2b2b10a0-9357-4e74-bdc7-a58a558e95a1', issuer='jffe@000', subject='jffe@000/users/admin', expiry=1614615999015, refreshable=false
2021-03-01T16:16:39.014Z [AUDIT] Token created by 'jffe@000': tokenId='4fcc6d9c-3dff-44fe-9b96-659e8dbc6910', issuer='jffe@000', subject='jffe@000/users/admin', expiry=1614615999014, refreshable=false
2021-03-01T16:16:39.310Z [AUDIT] Token created by 'jffe@000': tokenId='ef252d41-590b-4fa4-bc84-f63527f0cad5', issuer='jffe@000', subject='jffe@000/users/anonymous', expiry=1614615999310, refreshable=false
2021-03-01T16:16:39.883Z [AUDIT] Token created by 'jffe@000': tokenId='56c229c0-be8b-442a-b6de-d7a504e67065', issuer='jffe@000', subject='jffe@000/users/admin', expiry=1614615999883, refreshable=false
2021-03-01T16:26:15.033Z [AUDIT] Token created by 'jffe@000': tokenId='99a18aab-55fb-46f1-88f4-2d70e0efa2b0', issuer='jffe@000', subject='jffe@000/users/jffe@000', expiry=1614616575032, refreshable=false
2021-03-01T16:26:15.033Z [AUDIT] Token created by 'jffe@000': tokenId='554f86dc-feae-4bbd-923a-9cad814f1c44', issuer='jffe@000', subject='jffe@000/users/jffe@000', expiry=1614616575033, refreshable=false
2021-03-01T16:26:15.034Z [AUDIT] Token created by 'jffe@000': tokenId='12581608-c838-4a8b-a3c6-e84a46016989', issuer='jffe@000', subject='jffe@000/users/jffe@000', expiry=1614616575034, refreshable=false
2021-03-01T16:26:15.055Z [AUDIT] Token created by 'jffe@000': tokenId='731ff9df-f339-45e4-b1fd-c2a8e7ea878a', issuer='jffe@000', subject='jffe@000/users/jffe@000', expiry=1614616575054, refreshable=false
2021-03-01T16:27:00.047Z [AUDIT] Token created by 'jffe@000': tokenId='8b958166-36e9-4b4a-b314-7e1452ab0057', issuer='jffe@000', subject='jffe@000/users/admin', expiry=1614616620046, refreshable=false
2021-03-01T16:29:51.474Z [AUDIT] Token refreshed by 'jffe@000': oldTokenId='6c0130eb-72ed-4df6-9dd1-0c73c27d7c19', tokenId='3e0f9258-7945-4473-ac9d-fee2cad86568', issuer='jffe@000', subject='jffe@000/users/admin', expiry=1614617991461, refreshable=true
2021-03-01T16:36:15.120Z [AUDIT] Token created by 'jffe@000': tokenId='4058c11c-a3e4-4f01-8366-b083d5c122ba', issuer='jffe@000', subject='jffe@000/users/jffe@000', expiry=1614617175120, refreshable=false
2021-03-01T16:36:15.121Z [AUDIT] Token created by 'jffe@000': tokenId='2fa14fcb-28ff-4894-aecb-c10f86f75311', issuer='jffe@000', subject='jffe@000/users/jffe@000', expiry=1614617175120, refreshable=false
2021-03-01T16:36:15.123Z [AUDIT] Token created by 'jffe@000': tokenId='60a80977-ed50-40ca-9e97-9881382789c2', issuer='jffe@000', subject='jffe@000/users/jffe@000', expiry=1614617175123, refreshable=false
2021-03-01T16:36:15.128Z [AUDIT] Token created by 'jffe@000': tokenId='7a86aa16-ec91-4fc4-8bfa-0e02de93f611', issuer='jffe@000', subject='jffe@000/users/jffe@000', expiry=1614617175127, refreshable=false
2021-03-01T16:37:05.054Z [AUDIT] Token created by 'jffe@000': tokenId='266bb72f-df8f-4c6e-8c37-4b0aece653a8', issuer='jffe@000', subject='jffe@000/users/admin', expiry=1614617225054, refreshable=false
2021-03-01T16:44:43.062Z [AUDIT] Token refreshed by 'jffe@000': oldTokenId='3e0f9258-7945-4473-ac9d-fee2cad86568', tokenId='57a33026-d95d-4283-a984-e2b1d08e2496', issuer='jffe@000', subject='jffe@000/users/admin', expiry=1614618883057, refreshable=true
2021-03-01T16:46:15.165Z [AUDIT] Token created by 'jffe@000': tokenId='279c07a7-1a7b-4602-84c7-8fc488968f1d', issuer='jffe@000', subject='jffe@000/users/jffe@000', expiry=1614617775165, refreshable=false
2021-03-01T16:46:15.166Z [AUDIT] Token created by 'jffe@000': tokenId='a57b434d-2f50-4b91-8e3a-18ff1a26ef4b', issuer='jffe@000', subject='jffe@000/users/jffe@000', expiry=1614617775166, refreshable=false
2021-03-01T16:46:15.165Z [AUDIT] Token created by 'jffe@000': tokenId='54dfce99-cd30-4877-8ce0-78005d672627', issuer='jffe@000', subject='jffe@000/users/jffe@000', expiry=1614617775165, refreshable=false
2021-03-01T16:46:15.178Z [AUDIT] Token created by 'jffe@000': tokenId='d0336e16-0515-4040-857d-1f4c27673eb7', issuer='jffe@000', subject='jffe@000/users/jffe@000', expiry=1614617775177, refreshable=false
2021-03-01T16:47:05.061Z [AUDIT] Token created by 'jffe@000': tokenId='781184d2-553c-4c9e-a69b-f87fe60ea4bf', issuer='jffe@000', subject='jffe@000/users/admin', expiry=1614617825060, refreshable=false
2021-03-01T16:56:15.266Z [AUDIT] Token created by 'jffe@000': tokenId='725bf5c6-d618-4a59-ad7b-b490a032baab', issuer='jffe@000', subject='jffe@000/users/jffe@000', expiry=1614618375266, refreshable=false
2021-03-01T16:56:15.270Z [AUDIT] Token created by 'jffe@000': tokenId='5fc3a536-edb1-4b6e-8e72-18d01efb04b2', issuer='jffe@000', subject='jffe@000/users/jffe@000', expiry=1614618375270, refreshable=false
2021-03-01T16:56:15.273Z [AUDIT] Token created by 'jffe@000': tokenId='5ce22756-7005-4d9d-8a7c-a2d054bfd287', issuer='jffe@000', subject='jffe@000/users/jffe@000', expiry=1614618375272, refreshable=false
2021-03-01T16:56:15.275Z [AUDIT] Token created by 'jffe@000': tokenId='d3308072-b3c3-4002-a662-d160ebd533dd', issuer='jffe@000', subject='jffe@000/users/jffe@000', expiry=1614618375275, refreshable=false
2021-03-01T16:58:00.165Z [AUDIT] Token created by 'jffe@000': tokenId='e6299ff6-339a-4cc4-8687-17aa859a7041', issuer='jffe@000', subject='jffe@000/users/admin', expiry=1614618480165, refreshable=false
2021-03-01T17:06:15.348Z [AUDIT] Token created by 'jffe@000': tokenId='1071283a-412d-4baf-b685-1c45b3199d21', issuer='jffe@000', subject='jffe@000/users/jffe@000', expiry=1614618975348, refreshable=false
2021-03-01T17:06:15.348Z [AUDIT] Token created by 'jffe@000': tokenId='fc28e01f-4766-4195-bf96-6c24bef4150a', issuer='jffe@000', subject='jffe@000/users/jffe@000', expiry=1614618975348, refreshable=false
2021-03-01T17:06:15.348Z [AUDIT] Token created by 'jffe@000': tokenId='7419f278-15b2-403c-b98f-c57dc78a75a4', issuer='jffe@000', subject='jffe@000/users/jffe@000', expiry=1614618975348, refreshable=false
2021-03-01T17:06:15.356Z [AUDIT] Token created by 'jffe@000': tokenId='d0d9ff01-51f2-4d7a-8d8d-0ae64522ff5b', issuer='jffe@000', subject='jffe@000/users/jffe@000', expiry=1614618975356, refreshable=false
2021-03-01T17:08:00.182Z [AUDIT] Token created by 'jffe@000': tokenId='bfe800bb-c8cd-43e8-86b9-67e891b2d491', issuer='jffe@000', subject='jffe@000/users/admin', expiry=1614619080181, refreshable=false
2021-03-01T17:15:01.000Z [AUDIT] Token created by 'jffe@000': tokenId='a70a77ba-e025-4c9f-a427-74f35f04e5ec', issuer='jffe@000', subject='jffe@000/users/anonymous', expiry=1614619501000, refreshable=false
2021-03-01T17:15:01.001Z [AUDIT] Token created by 'jffe@000': tokenId='2ad73326-017e-4455-8e61-33c3c442f71a', issuer='jffe@000', subject='jffe@000/users/anonymous', expiry=1614619501001, refreshable=false
2021-03-01T17:15:01.008Z [AUDIT] Token created by 'jffe@000': tokenId='ee273d47-0e17-460d-a90a-ffd45f3f96d9', issuer='jffe@000', subject='jffe@000/users/anonymous', expiry=1614619501008, refreshable=false
2021-03-01T17:15:01.010Z [AUDIT] Token created by 'jffe@000': tokenId='396317dd-2aad-4c7c-9898-2d91f634a7fe', issuer='jffe@000', subject='jffe@000/users/anonymous', expiry=1614619501010, refreshable=false
2021-03-01T17:16:15.485Z [AUDIT] Token created by 'jffe@000': tokenId='df18730e-fee1-4d93-bf2d-9f824a5882d6', issuer='jffe@000', subject='jffe@000/users/jffe@000', expiry=1614619575485, refreshable=false
2021-03-01T17:16:15.485Z [AUDIT] Token created by 'jffe@000': tokenId='214a0f9c-5b1c-4970-9a45-1828bb1f677a', issuer='jffe@000', subject='jffe@000/users/jffe@000', expiry=1614619575485, refreshable=false
2021-03-01T17:16:15.486Z [AUDIT] Token created by 'jffe@000': tokenId='aa66fc2a-147b-4db0-bc34-fae91b106bc9', issuer='jffe@000', subject='jffe@000/users/jffe@000', expiry=1614619575485, refreshable=false
2021-03-01T17:16:15.490Z [AUDIT] Token created by 'jffe@000': tokenId='d5a0656f-96cb-4dca-b74d-b7a30a05e89d', issuer='jffe@000', subject='jffe@000/users/jffe@000', expiry=1614619575490, refreshable=false
2021-03-01T17:26:15.634Z [AUDIT] Token created by 'jffe@000': tokenId='e0aca8a9-77c6-4f8b-9a73-7995a8ad2e50', issuer='jffe@000', subject='jffe@000/users/jffe@000', expiry=1614620175634, refreshable=false
2021-03-01T17:26:15.634Z [AUDIT] Token created by 'jffe@000': tokenId='ae816e92-6172-4888-9fbc-4755728c772c', issuer='jffe@000', subject='jffe@000/users/jffe@000', expiry=1614620175634, refreshable=false
2021-03-01T17:26:15.639Z [AUDIT] Token created by 'jffe@000': tokenId='f20787ed-dbae-4f55-986b-365d578ecf4b', issuer='jffe@000', subject='jffe@000/users/jffe@000', expiry=1614620175639, refreshable=false
2021-03-01T17:26:15.636Z [AUDIT] Token created by 'jffe@000': tokenId='dc3782f4-afe5-4d58-83c5-fec9342956b0', issuer='jffe@000', subject='jffe@000/users/jffe@000', expiry=1614620175636, refreshable=false
2021-03-01T17:36:15.718Z [AUDIT] Token created by 'jffe@000': tokenId='9f577a83-9fd9-4c26-8f58-b87c08a656d3', issuer='jffe@000', subject='jffe@000/users/jffe@000', expiry=1614620775717, refreshable=false
2021-03-01T17:36:15.718Z [AUDIT] Token created by 'jffe@000': tokenId='657f5796-503d-47e0-9699-6e5be1922d76', issuer='jffe@000', subject='jffe@000/users/jffe@000', expiry=1614620775718, refreshable=false
2021-03-01T17:36:15.723Z [AUDIT] Token created by 'jffe@000': tokenId='6f7144ed-0eeb-4639-bd0d-4008bdaa61e9', issuer='jffe@000', subject='jffe@000/users/jffe@000', expiry=1614620775717, refreshable=false
2021-03-01T17:36:15.724Z [AUDIT] Token created by 'jffe@000': tokenId='757a651a-d92e-4c96-9f5e-4d5cadbf601c', issuer='jffe@000', subject='jffe@000/users/jffe@000', expiry=1614620775723, refreshable=false
2021-03-01T17:47:03.505Z [AUDIT] Token created by 'jffe@000': tokenId='3d7059b2-09ec-4494-914a-808329e86f29', issuer='jffe@000', subject='jffe@000/users/jffe@000', expiry=1614621423389, refreshable=false
2021-03-01T17:47:04.731Z [AUDIT] Token created by 'jffe@000': tokenId='59fb9350-9830-4b14-8613-34e1bb35fb30', issuer='jffe@000', subject='jffe@000/users/jffe@000', expiry=1614621424731, refreshable=false
2021-03-01T17:47:05.071Z [AUDIT] Token created by 'jffe@000': tokenId='10779bc6-36a7-43c9-89a2-ffd8c854c0ff', issuer='jffe@000', subject='jffe@000/users/jffe@000', expiry=1614621425071, refreshable=false
2021-03-01T17:47:05.099Z [AUDIT] Token created by 'jffe@000': tokenId='9698fea3-be5c-4920-812f-7ed65dd4cce6', issuer='jffe@000', subject='jffe@000/users/jffe@000', expiry=1614621425098, refreshable=false
2021-03-01T17:47:25.022Z [AUDIT] Token created by 'jffe@000': tokenId='c34a9389-c456-491e-be58-cf81d249832f', issuer='jffe@000', subject='jffe@000/users/jffe@000', expiry=1614621445017, refreshable=false
2021-03-01T17:47:25.344Z [AUDIT] Token created by 'jffe@000': tokenId='9c1f78ef-7e26-4aa0-acb4-c3381098644c', issuer='jffe@000', subject='jffe@000/users/jffe@000', expiry=1614621445344, refreshable=false
2021-03-01T17:47:25.345Z [AUDIT] Token created by 'jffe@000': tokenId='58e592de-1477-4d1b-af69-a7c1ddc80b37', issuer='jffe@000', subject='jffe@000/users/jffe@000', expiry=1614621445345, refreshable=false
2021-03-01T17:47:34.014Z [AUDIT] Token created by 'jffe@000': tokenId='71332624-09f3-4513-a73a-e0d3bda9baff', issuer='jffe@000', subject='jffe@000/users/jffe@000', expiry=1614621445345, refreshable=false
2021-03-01T17:48:06.826Z [AUDIT] Token created by 'jffe@000': tokenId='e3410c6f-3c7c-4598-8438-2666d7950125', issuer='jffe@000', subject='jffe@000/users/jffe@000', expiry=1614621486826, refreshable=false
2021-03-01T17:48:06.831Z [AUDIT] Token created by 'jffe@000': tokenId='aac4d73d-de32-49fe-9906-3c45b3baf77c', issuer='jffe@000', subject='jffe@000/users/jffe@000', expiry=1614621486831, refreshable=false
2021-03-01T17:48:06.846Z [AUDIT] Token created by 'jffe@000': tokenId='bbf108dc-a31e-403a-94d2-e703ce13053d', issuer='jffe@000', subject='jffe@000/users/jffe@000', expiry=1614621486846, refreshable=false
2021-03-01T17:48:06.835Z [AUDIT] Token created by 'jffe@000': tokenId='6073495d-85fb-4701-a1d8-7bf75f0f64d5', issuer='jffe@000', subject='jffe@000/users/jffe@000', expiry=1614621486835, refreshable=false
2021-03-01T17:48:06.858Z [AUDIT] Token created by 'jffe@000': tokenId='e7be24c3-8efa-473c-9a99-a5ab3f943871', issuer='jffe@000', subject='jffe@000/users/jffe@000', expiry=1614621486858, refreshable=false
2021-03-01T17:48:06.886Z [AUDIT] Token created by 'jffe@000': tokenId='dafb6036-28bd-4052-9892-5ba783c27f7b', issuer='jffe@000', subject='jffe@000/users/jffe@000', expiry=1614621486885, refreshable=false
2021-03-01T17:48:07.124Z [AUDIT] Token created by 'jffe@000': tokenId='67b31af1-e369-40ba-9a59-6a3e0c535ab2', issuer='jffe@000', subject='jffe@000/users/jffe@000', expiry=1614621487081, refreshable=false
2021-03-01T17:48:07.170Z [AUDIT] Token created by 'jffe@000': tokenId='04eaaf98-8316-4085-87cc-e787e6519eef', issuer='jffe@000', subject='jffe@000/users/jffe@000', expiry=1614621487170, refreshable=false
2021-03-01T17:58:25.528Z [AUDIT] Token created by 'jffe@000': tokenId='acdac6b1-8b23-4876-8780-453a06d0c28b', issuer='jffe@000', subject='jffe@000/users/jffe@000', expiry=1614622105528, refreshable=false
2021-03-01T17:58:25.529Z [AUDIT] Token created by 'jffe@000': tokenId='31045e8e-68bb-4841-87e1-939284165430', issuer='jffe@000', subject='jffe@000/users/jffe@000', expiry=1614622105529, refreshable=false
2021-03-01T17:58:25.531Z [AUDIT] Token created by 'jffe@000': tokenId='abb145e2-4199-4737-9758-0755ba67170e', issuer='jffe@000', subject='jffe@000/users/jffe@000', expiry=1614622105529, refreshable=false
2021-03-01T17:58:25.534Z [AUDIT] Token created by 'jffe@000': tokenId='02c17181-c6a3-48b4-b811-e840855eff41', issuer='jffe@000', subject='jffe@000/users/jffe@000', expiry=1614622105534, refreshable=false
2021-03-01T18:08:25.687Z [AUDIT] Token created by 'jffe@000': tokenId='fb215915-16f9-4ece-8b15-730596d2c1de', issuer='jffe@000', subject='jffe@000/users/jffe@000', expiry=1614622705687, refreshable=false
2021-03-01T18:08:25.689Z [AUDIT] Token created by 'jffe@000': tokenId='01f4e79e-87b5-4bee-afef-5f99436e4d7b', issuer='jffe@000', subject='jffe@000/users/jffe@000', expiry=1614622705689, refreshable=false
2021-03-01T18:08:25.689Z [AUDIT] Token created by 'jffe@000': tokenId='1fbb3b36-46d3-4788-af05-a4263642e3ed', issuer='jffe@000', subject='jffe@000/users/jffe@000', expiry=1614622705687, refreshable=false
2021-03-01T18:08:25.690Z [AUDIT] Token created by 'jffe@000': tokenId='d8661b7b-d612-41fb-b66f-5b4b58c061ce', issuer='jffe@000', subject='jffe@000/users/jffe@000', expiry=1614622705689, refreshable=false
2021-03-01T18:19:23.039Z [AUDIT] Token created by 'jffe@000': tokenId='90c90f24-6561-4517-af91-86fbda89871e', issuer='jffe@000', subject='jffe@000/users/jffe@000', expiry=1614623363039, refreshable=false
2021-03-01T18:19:25.316Z [AUDIT] Token created by 'jffe@000': tokenId='e7b2659e-133e-440e-b0e9-df1860043afc', issuer='jffe@000', subject='jffe@000/users/jffe@000', expiry=1614623365305, refreshable=false
2021-03-01T18:19:55.491Z [AUDIT] Token created by 'jffe@000': tokenId='116ee9f5-70cd-413a-bf5c-9150b266bee6', issuer='jffe@000', subject='jffe@000/users/jffe@000', expiry=1614623395482, refreshable=false
2021-03-01T18:20:19.496Z [AUDIT] Token created by 'jffe@000': tokenId='f0ae1c28-dea9-4e54-a21e-d0b828b15f29', issuer='jffe@000', subject='jffe@000/users/jffe@000', expiry=1614623419494, refreshable=false
2021-03-01T18:37:53.329Z [AUDIT] Token created by 'jffe@000': tokenId='30987795-d14f-4530-9d50-de2851b84b29', issuer='jffe@000', subject='jffe@000/users/jffe@000', expiry=1614624473328, refreshable=false
2021-03-01T18:37:55.561Z [AUDIT] Token created by 'jffe@000': tokenId='6b8ee567-f5cf-4b57-9864-610e0313fbfb', issuer='jffe@000', subject='jffe@000/users/jffe@000', expiry=1614624475561, refreshable=false
2021-03-01T18:37:55.568Z [AUDIT] Token created by 'jffe@000': tokenId='739c58df-bb6d-450e-b98a-b8a99283cbad', issuer='jffe@000', subject='jffe@000/users/jffe@000', expiry=1614624475563, refreshable=false
2021-03-01T18:37:55.572Z [AUDIT] Token created by 'jffe@000': tokenId='8b0a5258-e2f6-4ee5-9202-2ea23c752b90', issuer='jffe@000', subject='jffe@000/users/jffe@000', expiry=1614624475572, refreshable=false
2021-03-01T18:37:55.632Z [AUDIT] Token created by 'jffe@000': tokenId='c47785ee-bdf4-4075-84fb-e10c012c7b1f', issuer='jffe@000', subject='jffe@000/users/jffe@000', expiry=1614624475632, refreshable=false
2021-03-01T18:37:56.971Z [AUDIT] Token created by 'jfevt@01ez5bw5s80wt21vdds1sc1nde': tokenId='4d3d654b-e4ef-4f31-8d72-e396aedd8267', issuer='jfevt@01ez5bw5s80wt21vdds1sc1nde', subject='jfevt@01ez5bw5s80wt21vdds1sc1nde', expiry=1614710276769, refreshable=true
2021-03-01T18:37:57.020Z [AUDIT] Token created by 'jfevt@01ez5bw5s80wt21vdds1sc1nde': tokenId='4b760389-c10e-4e4b-acad-a9d765428e4e', issuer='jfevt@01ez5bw5s80wt21vdds1sc1nde', subject='jfevt@01ez5bw5s80wt21vdds1sc1nde', expiry=1614710276789, refreshable=true
2021-03-01T18:37:57.026Z [AUDIT] Token created by 'jfevt@01ez5bw5s80wt21vdds1sc1nde': tokenId='94b5d30a-80ba-4e1b-b8eb-a9df1b79ea0f', issuer='jfevt@01ez5bw5s80wt21vdds1sc1nde', subject='jfevt@01ez5bw5s80wt21vdds1sc1nde', expiry=1614710276789, refreshable=true
2021-03-01T18:37:57.040Z [AUDIT] Token created by 'jfevt@01ez5bw5s80wt21vdds1sc1nde': tokenId='a3ce0a98-ae11-4f04-b74a-4a1345a24210', issuer='jfevt@01ez5bw5s80wt21vdds1sc1nde', subject='jfevt@01ez5bw5s80wt21vdds1sc1nde', expiry=1614710276780, refreshable=true
2021-03-12T13:07:28.133Z [AUDIT] Token created by 'anonymous': tokenId='fec21ff0-15de-4672-ba94-aff9c69a74e7', issuer='jfrou@01ez5bwmmzma95drcktk963hbv', subject='jfrou@01ez5bwmmzma95drcktk963hbv', expiry=none, refreshable=false
2021-03-12T13:07:37.361Z [AUDIT] Token created by 'anonymous': tokenId='b134c523-eb3a-4aeb-b2aa-eb02ba5df8f6', issuer='jfac@01ez5bw5s80wt21vdds1sc1nde', subject='jfac@01ez5bw5s80wt21vdds1sc1nde', expiry=1615554577325, refreshable=false
2021-03-12T13:07:38.239Z [AUDIT] Token created by 'anonymous': tokenId='f881745b-5b84-4af9-a29e-67c9da01a77d', issuer='jfmd@01ez5bwn8vzvd4pradtrm0fawr', subject='jfmd@01ez5bwn8vzvd4pradtrm0fawr', expiry=none, refreshable=false
2021-03-12T13:07:39.787Z [AUDIT] Token created by 'anonymous': tokenId='033e9012-9ea7-48a9-a412-6247d41ce542', issuer='jfrt@01ez5bxvh5x7np13qe9rv40zb5', subject='jfrt@01ez5bxvh5x7np13qe9rv40zb5', expiry=none, refreshable=false
2021-03-12T13:07:45.629Z [AUDIT] Token created by 'jfrt@01ez5bxvh5x7np13qe9rv40zb5': tokenId='8ea4c3f0-c58a-46c8-898a-cd2268b204f6', issuer='jfrt@01ez5bxvh5x7np13qe9rv40zb5', subject='jfrt@01ez5bxvh5x7np13qe9rv40zb5', expiry=2561634465626, refreshable=false
2021-03-12T13:08:10.665Z [AUDIT] Token created by 'anonymous': tokenId='63255190-a2e1-4d60-b35f-3836cb70c108', issuer='jffe@000', subject='jffe@000', expiry=none, refreshable=false
2021-03-12T13:08:10.852Z [AUDIT] Token created by 'jffe@000': tokenId='8e53f612-0435-44aa-88b4-776d84d1caf5', issuer='jffe@000', subject='jffe@000/users/jffe@000', expiry=1615555090851, refreshable=false
2021-03-12T13:11:03.826Z [AUDIT] Token created by 'jffe@000': tokenId='1ac7b183-219c-469c-b3fe-19906b07c9d6', issuer='jffe@000', subject='jffe@000/users/anonymous', expiry=1615555263825, refreshable=false
2021-03-12T13:11:03.834Z [AUDIT] Token created by 'jffe@000': tokenId='ca38b9d2-8089-43f6-98a1-f3bdd08f4c4a', issuer='jffe@000', subject='jffe@000/users/anonymous', expiry=1615555263833, refreshable=false
2021-03-12T13:11:03.842Z [AUDIT] Token created by 'jffe@000': tokenId='3885ea92-252d-4c47-ba55-1d414a57df6d', issuer='jffe@000', subject='jffe@000/users/anonymous', expiry=1615555263838, refreshable=false
2021-03-12T13:11:04.173Z [AUDIT] Token created by 'jffe@000': tokenId='3d936dd3-cb5a-42da-a9af-2d3dda8c3ee9', issuer='jffe@000', subject='jffe@000/users/anonymous', expiry=1615555264162, refreshable=false
2021-03-12T13:11:33.198Z [AUDIT] Token created by 'jffe@000': tokenId='ecb9381c-5632-4170-8631-9f75af736c8b', issuer='jffe@000', subject='jffe@000/users/admin', expiry=1615556493194, refreshable=true
2021-03-12T13:11:33.679Z [AUDIT] Token created by 'jffe@000': tokenId='00ef33ca-63fe-49ed-851c-030549d25ac5', issuer='jffe@000', subject='jffe@000/users/admin', expiry=1615555293679, refreshable=false
2021-03-12T13:11:33.710Z [AUDIT] Token created by 'jffe@000': tokenId='b8a234e5-55f3-43de-a4f8-5914c27fc913', issuer='jffe@000', subject='jffe@000/users/admin', expiry=1615555293710, refreshable=false
2021-03-12T13:11:33.716Z [AUDIT] Token created by 'jffe@000': tokenId='86198d2d-a753-4ab1-8fb5-8c2bb7cca90e', issuer='jffe@000', subject='jffe@000/users/admin', expiry=1615555293716, refreshable=false
2021-03-12T13:11:35.989Z [AUDIT] Token created by 'jffe@000': tokenId='08127630-360c-49a6-af32-91e5fff9dcad', issuer='jffe@000', subject='jffe@000/users/admin', expiry=1615555295984, refreshable=false
