2021-02-22T17:16:02.986Z [jfevt] [INFO ] [51d8d39c45f0b7bc] [security_keys.go:114          ] [main                ] - Master key is missing. Pending for 5 seconds with 2m0s timeout [startup]
2021-02-22T17:16:07.992Z [jfevt] [INFO ] [51d8d39c45f0b7bc] [security_keys.go:114          ] [main                ] - Master key is missing. Pending for 10 seconds with 2m0s timeout [startup]
2021-02-22T17:16:13.061Z [jfevt] [INFO ] [51d8d39c45f0b7bc] [security_keys.go:114          ] [main                ] - Master key is missing. Pending for 15 seconds with 2m0s timeout [startup]
2021-02-22T17:16:18.071Z [jfevt] [INFO ] [51d8d39c45f0b7bc] [security_keys.go:114          ] [main                ] - Master key is missing. Pending for 20 seconds with 2m0s timeout [startup]
2021-02-22T17:16:23.075Z [jfevt] [INFO ] [51d8d39c45f0b7bc] [security_keys.go:114          ] [main                ] - Master key is missing. Pending for 25 seconds with 2m0s timeout [startup]
2021-02-22T17:16:28.078Z [jfevt] [INFO ] [51d8d39c45f0b7bc] [security_keys.go:114          ] [main                ] - Master key is missing. Pending for 30 seconds with 2m0s timeout [startup]
2021-02-22T17:16:33.092Z [jfevt] [INFO ] [51d8d39c45f0b7bc] [security_keys.go:114          ] [main                ] - Master key is missing. Pending for 35 seconds with 2m0s timeout [startup]
2021-02-22T17:16:38.181Z [jfevt] [INFO ] [51d8d39c45f0b7bc] [security_keys.go:128          ] [main                ] - Cluster join: Join key is missing. Pending for 40 seconds with 2m0s timeout [startup]
2021-02-22T17:16:43.185Z [jfevt] [INFO ] [51d8d39c45f0b7bc] [security_keys.go:128          ] [main                ] - Cluster join: Join key is missing. Pending for 45 seconds with 2m0s timeout [startup]
2021-02-22T17:16:50.202Z [jfevt] [INFO ] [51d8d39c45f0b7bc] [access_thin_client.go:103     ] [main                ] - Cluster join: Retry 5: Service registry ping failed, will retry. Error: Error while trying to connect to local router at address 'http://localhost:8046/access/api/v1/system/ping': Get "http://localhost:8046/access/api/v1/system/ping": dial tcp 127.0.0.1:8046: connect: connection refused [startup]
2021-02-22T17:16:55.212Z [jfevt] [INFO ] [51d8d39c45f0b7bc] [access_thin_client.go:103     ] [main                ] - Cluster join: Retry 10: Service registry ping failed, will retry. Error: Error while trying to connect to local router at address 'http://localhost:8046/access/api/v1/system/ping': Get "http://localhost:8046/access/api/v1/system/ping": dial tcp 127.0.0.1:8046: connect: connection refused [startup]
2021-02-22T17:17:00.220Z [jfevt] [INFO ] [51d8d39c45f0b7bc] [access_thin_client.go:103     ] [main                ] - Cluster join: Retry 15: Service registry ping failed, will retry. Error: Failed to ping access, response status: 404 Not Found (returned 404) [startup]
2021-02-22T17:17:04.326Z [jfevt] [INFO ] [51d8d39c45f0b7bc] [bootstrap.go:95               ] [main                ] - JFrog Event Service ID: jfevt@01ez5bw5s80wt21vdds1sc1nde [startup]
2021-02-22T17:17:04.327Z [jfevt] [INFO ] [51d8d39c45f0b7bc] [bootstrap.go:96               ] [main                ] - JFrog Event Node ID   : 2fe89619e2dd [startup]
2021-02-22T17:17:04.328Z [jfevt] [INFO ] [51d8d39c45f0b7bc] [bootstrap.go:97               ] [main                ] - JFrog Event Node IP   : 172.17.0.2 [startup]
2021-02-22T17:17:04.875Z [jfevt] [INFO ] [51d8d39c45f0b7bc] [access_join.go:58             ] [main                ] - Cluster join: Successfully joined the cluster [application]
2021-02-22T17:17:04.876Z [jfevt] [INFO ] [51d8d39c45f0b7bc] [access_join.go:58             ] [main                ] - Cluster join: executing Router register at: localhost:8046 for service id jfevt@01ez5bw5s80wt21vdds1sc1nde [application]
2021-02-22T17:17:04.941Z [jfevt] [INFO ] [51d8d39c45f0b7bc] [application.go:150            ] [main                ] - JFrog Event (jfevt) service initialization completed in 66.963 seconds. HTTP server listening on 127.0.0.1:8061. GRPC server listening on 127.0.0.1:8062 [application]
2021-02-22T17:17:05.223Z [jfevt] [WARN ] [51d8d39c45f0b7bc] [proxy_synchronizer.go:21      ] [main                ] - Proxy cache is not updated because of error: failure to get the list of proxies from Artifactory (returned 404) [proxy_cache]
2021-02-22T17:17:05.212Z [jfevt] [WARN ] [51d8d39c45f0b7bc] [base_url_cache.go:66          ] [main                ] - Base URL cache is not updated because of error: failed to fetch base URL from Artifactory (returned 404) [baseurl_cache]
2021-02-22T17:17:05.241Z [jfevt] [WARN ] [51d8d39c45f0b7bc] [domain_client.go:57           ] [main                ] - Error occurred when refreshing domain cache all domain endpoint failed : Fetch domains from http://localhost:8046/distribution/api/v1/events/domains failed (returned 404), Fetch domains from http://localhost:8046/artifactory/api/events/domains failed (returned 404),  [domain_client]
2021-02-22T17:17:15.487Z [jfevt] [WARN ] [51d8d39c45f0b7bc] [base_url_cache.go:66          ] [main                ] - Base URL cache is not updated because of error: failed to fetch base URL from Artifactory (returned 404) [baseurl_cache]
2021-02-22T17:17:15.502Z [jfevt] [WARN ] [51d8d39c45f0b7bc] [proxy_synchronizer.go:21      ] [main                ] - Proxy cache is not updated because of error: failure to get the list of proxies from Artifactory (returned 404) [proxy_cache]
2021-02-22T17:17:15.532Z [jfevt] [WARN ] [51d8d39c45f0b7bc] [domain_client.go:57           ] [main                ] - Error occurred when refreshing domain cache all domain endpoint failed : Fetch domains from http://localhost:8046/distribution/api/v1/events/domains failed (returned 404), Fetch domains from http://localhost:8046/artifactory/api/events/domains failed (returned 404),  [domain_client]
2021-02-22T17:17:25.261Z [jfevt] [WARN ] [51d8d39c45f0b7bc] [base_url_cache.go:66          ] [main                ] - Base URL cache is not updated because of error: failed to fetch base URL from Artifactory (returned 404) [baseurl_cache]
2021-02-22T17:17:25.261Z [jfevt] [WARN ] [51d8d39c45f0b7bc] [proxy_synchronizer.go:21      ] [main                ] - Proxy cache is not updated because of error: failure to get the list of proxies from Artifactory (returned 404) [proxy_cache]
2021-02-22T17:17:25.291Z [jfevt] [WARN ] [51d8d39c45f0b7bc] [domain_client.go:57           ] [main                ] - Error occurred when refreshing domain cache all domain endpoint failed : Fetch domains from http://localhost:8046/artifactory/api/events/domains failed (returned 404), Fetch domains from http://localhost:8046/distribution/api/v1/events/domains failed (returned 404),  [domain_client]
2021-02-22T17:17:35.275Z [jfevt] [WARN ] [51d8d39c45f0b7bc] [base_url_cache.go:66          ] [main                ] - Base URL cache is not updated because of error: failed to fetch base URL from Artifactory (returned 503) [baseurl_cache]
2021-02-22T17:17:35.295Z [jfevt] [WARN ] [51d8d39c45f0b7bc] [proxy_synchronizer.go:21      ] [main                ] - Proxy cache is not updated because of error: failure to get the list of proxies from Artifactory (returned 503) [proxy_cache]
2021-02-22T17:17:35.303Z [jfevt] [WARN ] [51d8d39c45f0b7bc] [domain_client.go:57           ] [main                ] - Error occurred when refreshing domain cache all domain endpoint failed : Fetch domains from http://localhost:8046/distribution/api/v1/events/domains failed (returned 404), Fetch domains from http://localhost:8046/artifactory/api/events/domains failed (returned 503),  [domain_client]
2021-02-22T17:17:45.286Z [jfevt] [WARN ] [51d8d39c45f0b7bc] [base_url_cache.go:66          ] [main                ] - Base URL cache is not updated because of error: failed to fetch base URL from Artifactory (returned 503) [baseurl_cache]
2021-02-22T17:17:45.289Z [jfevt] [WARN ] [51d8d39c45f0b7bc] [proxy_synchronizer.go:21      ] [main                ] - Proxy cache is not updated because of error: failure to get the list of proxies from Artifactory (returned 503) [proxy_cache]
2021-02-22T17:17:45.317Z [jfevt] [WARN ] [51d8d39c45f0b7bc] [domain_client.go:57           ] [main                ] - Error occurred when refreshing domain cache all domain endpoint failed : Fetch domains from http://localhost:8046/distribution/api/v1/events/domains failed (returned 404), Fetch domains from http://localhost:8046/artifactory/api/events/domains failed (returned 503),  [domain_client]
2021-02-22T17:17:55.897Z [jfevt] [WARN ] [51d8d39c45f0b7bc] [proxy_synchronizer.go:21      ] [main                ] - Proxy cache is not updated because of error: failure to get the list of proxies from Artifactory (returned 503) [proxy_cache]
2021-02-22T17:17:55.917Z [jfevt] [WARN ] [51d8d39c45f0b7bc] [domain_client.go:57           ] [main                ] - Error occurred when refreshing domain cache all domain endpoint failed : Fetch domains from http://localhost:8046/distribution/api/v1/events/domains failed (returned 404), Fetch domains from http://localhost:8046/artifactory/api/events/domains failed (returned 503),  [domain_client]
2021-02-22T17:17:55.929Z [jfevt] [WARN ] [51d8d39c45f0b7bc] [base_url_cache.go:66          ] [main                ] - Base URL cache is not updated because of error: failed to fetch base URL from Artifactory (returned 503) [baseurl_cache]
2021-02-22T19:59:54.011Z [jfevt] [ERROR] [51d8d39c45f0b7bc] [access_join.go:82             ] [main                ] - Refreshing platform config change events gRPC stream - got an error (status code: Internal) - resubscribe expected [access_client]
2021-02-22T19:59:54.019Z [jfevt] [ERROR] [51d8d39c45f0b7bc] [access_join.go:82             ] [main                ] - Refreshing permissions cache invalidation gRPC stream - got an error (status code: Internal) - resubscribe expected [access_client]
2021-02-22T19:59:54.022Z [jfevt] [ERROR] [51d8d39c45f0b7bc] [access_join.go:82             ] [main                ] - Refreshing platform config change events gRPC stream - got an error (status code: Unimplemented) - resubscribe expected [access_client]
2021-02-22T19:59:54.022Z [jfevt] [ERROR] [51d8d39c45f0b7bc] [access_join.go:82             ] [main                ] - Refreshing permissions cache invalidation gRPC stream - got an error (status code: Unimplemented) - resubscribe expected [access_client]
2021-02-22T19:59:54.037Z [jfevt] [ERROR] [51d8d39c45f0b7bc] [access_join.go:82             ] [main                ] - Refreshing platform config change events gRPC stream - got an error (status code: Unimplemented) - resubscribe expected [access_client]
2021-02-22T19:59:54.037Z [jfevt] [ERROR] [51d8d39c45f0b7bc] [access_join.go:82             ] [main                ] - Refreshing permissions cache invalidation gRPC stream - got an error (status code: Unimplemented) - resubscribe expected [access_client]
2021-02-22T19:59:54.061Z [jfevt] [ERROR] [51d8d39c45f0b7bc] [access_join.go:82             ] [main                ] - Refreshing permissions cache invalidation gRPC stream - got an error (status code: Unimplemented) - resubscribe expected [access_client]
2021-02-22T19:59:54.061Z [jfevt] [ERROR] [51d8d39c45f0b7bc] [access_join.go:82             ] [main                ] - Refreshing platform config change events gRPC stream - got an error (status code: Unimplemented) - resubscribe expected [access_client]
2021-02-22T19:59:54.105Z [jfevt] [ERROR] [51d8d39c45f0b7bc] [access_join.go:82             ] [main                ] - Refreshing permissions cache invalidation gRPC stream - got an error (status code: Unimplemented) - resubscribe expected [access_client]
2021-02-22T19:59:54.108Z [jfevt] [ERROR] [51d8d39c45f0b7bc] [access_join.go:82             ] [main                ] - Refreshing platform config change events gRPC stream - got an error (status code: Unimplemented) - resubscribe expected [access_client]
2021-02-22T19:59:54.188Z [jfevt] [ERROR] [51d8d39c45f0b7bc] [access_join.go:82             ] [main                ] - Refreshing permissions cache invalidation gRPC stream - got an error (status code: Unimplemented) - resubscribe expected [access_client]
2021-02-22T19:59:54.189Z [jfevt] [ERROR] [51d8d39c45f0b7bc] [access_join.go:82             ] [main                ] - Refreshing platform config change events gRPC stream - got an error (status code: Unimplemented) - resubscribe expected [access_client]
2021-02-22T19:59:54.350Z [jfevt] [ERROR] [51d8d39c45f0b7bc] [access_join.go:82             ] [main                ] - Refreshing permissions cache invalidation gRPC stream - got an error (status code: Unimplemented) - resubscribe expected [access_client]
2021-02-22T19:59:54.351Z [jfevt] [ERROR] [51d8d39c45f0b7bc] [access_join.go:82             ] [main                ] - Refreshing platform config change events gRPC stream - got an error (status code: Unimplemented) - resubscribe expected [access_client]
2021-02-22T19:59:54.682Z [jfevt] [ERROR] [51d8d39c45f0b7bc] [access_join.go:82             ] [main                ] - Refreshing platform config change events gRPC stream - got an error (status code: Unimplemented) - resubscribe expected [access_client]
2021-02-22T19:59:54.683Z [jfevt] [ERROR] [51d8d39c45f0b7bc] [access_join.go:82             ] [main                ] - Refreshing permissions cache invalidation gRPC stream - got an error (status code: Unimplemented) - resubscribe expected [access_client]
2021-02-22T19:59:55.326Z [jfevt] [ERROR] [51d8d39c45f0b7bc] [access_join.go:82             ] [main                ] - Refreshing platform config change events gRPC stream - got an error (status code: Unimplemented) - resubscribe expected [access_client]
2021-02-22T19:59:55.326Z [jfevt] [ERROR] [51d8d39c45f0b7bc] [access_join.go:82             ] [main                ] - Refreshing permissions cache invalidation gRPC stream - got an error (status code: Unimplemented) - resubscribe expected [access_client]
2021-02-22T19:59:56.609Z [jfevt] [ERROR] [51d8d39c45f0b7bc] [access_join.go:82             ] [main                ] - Refreshing platform config change events gRPC stream - got an error (status code: Unimplemented) - resubscribe expected [access_client]
2021-02-22T19:59:56.609Z [jfevt] [ERROR] [51d8d39c45f0b7bc] [access_join.go:82             ] [main                ] - Refreshing permissions cache invalidation gRPC stream - got an error (status code: Unimplemented) - resubscribe expected [access_client]
2021-03-01T14:55:10.264Z [jfevt] [INFO ] [7621ef63294fa1b3] [access_thin_client.go:103     ] [main                ] - Cluster join: Retry 5: Service registry ping failed, will retry. Error: Error while trying to connect to local router at address 'http://localhost:8046/access/api/v1/system/ping': Get "http://localhost:8046/access/api/v1/system/ping": dial tcp 127.0.0.1:8046: connect: connection refused [startup]
2021-03-01T14:55:15.367Z [jfevt] [INFO ] [7621ef63294fa1b3] [access_thin_client.go:103     ] [main                ] - Cluster join: Retry 10: Service registry ping failed, will retry. Error: Error while trying to connect to local router at address 'http://localhost:8046/access/api/v1/system/ping': Get "http://localhost:8046/access/api/v1/system/ping": dial tcp 127.0.0.1:8046: connect: connection refused [startup]
2021-03-01T14:55:20.374Z [jfevt] [INFO ] [7621ef63294fa1b3] [access_thin_client.go:103     ] [main                ] - Cluster join: Retry 15: Service registry ping failed, will retry. Error: Error while trying to connect to local router at address 'http://localhost:8046/access/api/v1/system/ping': Get "http://localhost:8046/access/api/v1/system/ping": dial tcp 127.0.0.1:8046: connect: connection refused [startup]
2021-03-01T14:55:25.382Z [jfevt] [INFO ] [7621ef63294fa1b3] [access_thin_client.go:103     ] [main                ] - Cluster join: Retry 20: Service registry ping failed, will retry. Error: Error while trying to connect to local router at address 'http://localhost:8046/access/api/v1/system/ping': Get "http://localhost:8046/access/api/v1/system/ping": dial tcp 127.0.0.1:8046: connect: connection refused [startup]
2021-03-01T14:55:30.445Z [jfevt] [INFO ] [7621ef63294fa1b3] [access_thin_client.go:103     ] [main                ] - Cluster join: Retry 25: Service registry ping failed, will retry. Error: Error while trying to connect to local router at address 'http://localhost:8046/access/api/v1/system/ping': Get "http://localhost:8046/access/api/v1/system/ping": dial tcp 127.0.0.1:8046: connect: connection refused [startup]
2021-03-01T14:55:35.451Z [jfevt] [INFO ] [7621ef63294fa1b3] [access_thin_client.go:103     ] [main                ] - Cluster join: Retry 30: Service registry ping failed, will retry. Error: Error while trying to connect to local router at address 'http://localhost:8046/access/api/v1/system/ping': Get "http://localhost:8046/access/api/v1/system/ping": dial tcp 127.0.0.1:8046: connect: connection refused [startup]
2021-03-01T14:55:40.457Z [jfevt] [INFO ] [7621ef63294fa1b3] [access_thin_client.go:103     ] [main                ] - Cluster join: Retry 35: Service registry ping failed, will retry. Error: Error while trying to connect to local router at address 'http://localhost:8046/access/api/v1/system/ping': Get "http://localhost:8046/access/api/v1/system/ping": dial tcp 127.0.0.1:8046: connect: connection refused [startup]
2021-03-01T14:55:45.472Z [jfevt] [INFO ] [7621ef63294fa1b3] [access_thin_client.go:103     ] [main                ] - Cluster join: Retry 40: Service registry ping failed, will retry. Error: Failed to ping access, response status: 404 Not Found (returned 404) [startup]
2021-03-01T14:55:47.515Z [jfevt] [INFO ] [7621ef63294fa1b3] [bootstrap.go:95               ] [main                ] - JFrog Event Service ID: jfevt@01ez5bw5s80wt21vdds1sc1nde [startup]
2021-03-01T14:55:47.515Z [jfevt] [INFO ] [7621ef63294fa1b3] [bootstrap.go:96               ] [main                ] - JFrog Event Node ID   : 2fe89619e2dd [startup]
2021-03-01T14:55:47.516Z [jfevt] [INFO ] [7621ef63294fa1b3] [bootstrap.go:97               ] [main                ] - JFrog Event Node IP   : 172.17.0.3 [startup]
2021-03-01T14:55:47.638Z [jfevt] [INFO ] [7621ef63294fa1b3] [access_join.go:58             ] [main                ] - Cluster join: Successfully joined the cluster [application]
2021-03-01T14:55:47.638Z [jfevt] [INFO ] [7621ef63294fa1b3] [access_join.go:58             ] [main                ] - Cluster join: executing Router register at: localhost:8046 for service id jfevt@01ez5bw5s80wt21vdds1sc1nde [application]
2021-03-01T14:55:47.662Z [jfevt] [INFO ] [7621ef63294fa1b3] [application.go:150            ] [main                ] - JFrog Event (jfevt) service initialization completed in 41.430 seconds. HTTP server listening on 127.0.0.1:8061. GRPC server listening on 127.0.0.1:8062 [application]
2021-03-01T14:55:47.887Z [jfevt] [WARN ] [7621ef63294fa1b3] [base_url_cache.go:66          ] [main                ] - Base URL cache is not updated because of error: failed to fetch base URL from Artifactory (returned 404) [baseurl_cache]
2021-03-01T14:55:47.889Z [jfevt] [WARN ] [7621ef63294fa1b3] [proxy_synchronizer.go:21      ] [main                ] - Proxy cache is not updated because of error: failure to get the list of proxies from Artifactory (returned 404) [proxy_cache]
2021-03-01T14:55:47.889Z [jfevt] [WARN ] [7621ef63294fa1b3] [domain_client.go:57           ] [main                ] - Error occurred when refreshing domain cache all domain endpoint failed : Fetch domains from http://localhost:8046/distribution/api/v1/events/domains failed (returned 404), Fetch domains from http://localhost:8046/artifactory/api/events/domains failed (returned 404),  [domain_client]
2021-03-01T14:55:57.974Z [jfevt] [WARN ] [7621ef63294fa1b3] [proxy_synchronizer.go:21      ] [main                ] - Proxy cache is not updated because of error: failure to get the list of proxies from Artifactory (returned 503) [proxy_cache]
2021-03-01T14:55:57.975Z [jfevt] [WARN ] [7621ef63294fa1b3] [domain_client.go:57           ] [main                ] - Error occurred when refreshing domain cache all domain endpoint failed : Fetch domains from http://localhost:8046/artifactory/api/events/domains failed (returned 503), Fetch domains from http://localhost:8046/distribution/api/v1/events/domains failed (returned 404),  [domain_client]
2021-03-01T14:55:57.985Z [jfevt] [WARN ] [7621ef63294fa1b3] [base_url_cache.go:66          ] [main                ] - Base URL cache is not updated because of error: failed to fetch base URL from Artifactory (returned 503) [baseurl_cache]
2021-03-01T14:56:07.916Z [jfevt] [WARN ] [7621ef63294fa1b3] [base_url_cache.go:66          ] [main                ] - Base URL cache is not updated because of error: failed to fetch base URL from Artifactory (returned 503) [baseurl_cache]
2021-03-01T14:56:07.920Z [jfevt] [WARN ] [7621ef63294fa1b3] [proxy_synchronizer.go:21      ] [main                ] - Proxy cache is not updated because of error: failure to get the list of proxies from Artifactory (returned 503) [proxy_cache]
2021-03-01T14:56:07.931Z [jfevt] [WARN ] [7621ef63294fa1b3] [domain_client.go:57           ] [main                ] - Error occurred when refreshing domain cache all domain endpoint failed : Fetch domains from http://localhost:8046/artifactory/api/events/domains failed (returned 503), Fetch domains from http://localhost:8046/distribution/api/v1/events/domains failed (returned 404),  [domain_client]
2021-03-01T17:47:17.853Z [jfevt] [WARN ] [7621ef63294fa1b3] [proxy_synchronizer.go:21      ] [main                ] - Proxy cache is not updated because of error: Get "http://localhost:8046/artifactory/api/system/configuration/platform/proxies": context deadline exceeded (Client.Timeout exceeded while awaiting headers) [proxy_cache]
2021-03-01T18:37:56.697Z [jfevt] [WARN ] [7621ef63294fa1b3] [domain_client.go:57           ] [main                ] - Error occurred when refreshing domain cache all domain endpoint failed : Fetch domains from http://localhost:8046/distribution/api/v1/events/domains failed (returned 404), Get "http://localhost:8046/artifactory/api/events/domains": context deadline exceeded,  [domain_client]
2021-03-01T18:37:56.698Z [jfevt] [WARN ] [7621ef63294fa1b3] [proxy_synchronizer.go:21      ] [main                ] - Proxy cache is not updated because of error: Get "http://localhost:8046/artifactory/api/system/configuration/platform/proxies": context deadline exceeded [proxy_cache]
2021-03-01T18:37:56.628Z [jfevt] [WARN ] [7621ef63294fa1b3] [base_url_cache.go:66          ] [main                ] - Base URL cache is not updated because of error: Get "http://localhost:8046/artifactory/api/system/configuration/platform/baseUrl": context deadline exceeded [baseurl_cache]
