2021-03-12T13:06:21.515Z [jffe ] [INFO ] [                ] [                              ] [main                ] - frontend (jffe) service initialization started. Version: 1.15.5 Revision: 10000005 PID: 3356 Home: /opt/jfrog/artifactory
2021-03-12T13:06:21.539Z [jffe ] [INFO ] [                ] [                              ] [main                ] - attempting pinging artifactory for 180 retires and 1.0s interval for total of 3 minutes
2021-03-12T13:06:31.160Z [jffe ] [INFO ] [                ] [                              ] [main                ] - pinging artifactory, attempt number 10
2021-03-12T13:06:31.200Z [jffe ] [INFO ] [                ] [                              ] [main                ] - pinging artifactory attempt number 10 failed with code : ECONNREFUSED
2021-03-12T13:06:41.393Z [jffe ] [INFO ] [                ] [                              ] [main                ] - pinging artifactory, attempt number 20
2021-03-12T13:06:41.403Z [jffe ] [INFO ] [                ] [                              ] [main                ] - pinging artifactory attempt number 20 failed with code : ECONNREFUSED
2021-03-12T13:06:51.554Z [jffe ] [INFO ] [                ] [                              ] [main                ] - pinging artifactory, attempt number 30
2021-03-12T13:06:51.563Z [jffe ] [INFO ] [                ] [                              ] [main                ] - pinging artifactory attempt number 30 failed with code : ECONNREFUSED
2021-03-12T13:07:01.700Z [jffe ] [INFO ] [                ] [                              ] [main                ] - pinging artifactory, attempt number 40
2021-03-12T13:07:01.705Z [jffe ] [INFO ] [                ] [                              ] [main                ] - pinging artifactory attempt number 40 failed with code : ECONNREFUSED
2021-03-12T13:07:11.791Z [jffe ] [INFO ] [                ] [                              ] [main                ] - pinging artifactory, attempt number 50
2021-03-12T13:07:11.797Z [jffe ] [INFO ] [                ] [                              ] [main                ] - pinging artifactory attempt number 50 failed with code : ECONNREFUSED
2021-03-12T13:07:21.993Z [jffe ] [INFO ] [                ] [                              ] [main                ] - pinging artifactory, attempt number 60
2021-03-12T13:07:22.013Z [jffe ] [INFO ] [                ] [                              ] [main                ] - pinging artifactory attempt number 60 failed with code : ECONNREFUSED
2021-03-12T13:07:30.216Z [jffe ] [ERROR] [                ] [                              ] [main                ] - ArtifactoryClient::http [get] request to /api/system/ping failed with 404 code
2021-03-12T13:07:31.240Z [jffe ] [ERROR] [                ] [                              ] [main                ] - ArtifactoryClient::http [get] request to /api/system/ping failed with 404 code
2021-03-12T13:07:32.244Z [jffe ] [INFO ] [                ] [                              ] [main                ] - pinging artifactory, attempt number 70
2021-03-12T13:07:32.260Z [jffe ] [ERROR] [                ] [                              ] [main                ] - ArtifactoryClient::http [get] request to /api/system/ping failed with 404 code
2021-03-12T13:07:32.262Z [jffe ] [INFO ] [                ] [                              ] [main                ] - pinging artifactory attempt number 70 failed with code : undefined
2021-03-12T13:07:33.273Z [jffe ] [ERROR] [                ] [                              ] [main                ] - ArtifactoryClient::http [get] request to /api/system/ping failed with 404 code
2021-03-12T13:07:34.291Z [jffe ] [ERROR] [                ] [                              ] [main                ] - ArtifactoryClient::http [get] request to /api/system/ping failed with 404 code
2021-03-12T13:07:35.366Z [jffe ] [ERROR] [                ] [                              ] [main                ] - ArtifactoryClient::http [get] request to /api/system/ping failed with 404 code
2021-03-12T13:07:36.378Z [jffe ] [ERROR] [                ] [                              ] [main                ] - ArtifactoryClient::http [get] request to /api/system/ping failed with 404 code
2021-03-12T13:07:37.389Z [jffe ] [ERROR] [                ] [                              ] [main                ] - ArtifactoryClient::http [get] request to /api/system/ping failed with 404 code
2021-03-12T13:07:38.453Z [jffe ] [ERROR] [                ] [                              ] [main                ] - ArtifactoryClient::http [get] request to /api/system/ping failed with 404 code
2021-03-12T13:07:39.473Z [jffe ] [ERROR] [                ] [                              ] [main                ] - ArtifactoryClient::http [get] request to /api/system/ping failed with 404 code
2021-03-12T13:07:40.478Z [jffe ] [ERROR] [                ] [                              ] [main                ] - ArtifactoryClient::http [get] request to /api/system/ping failed with 404 code
2021-03-12T13:07:41.506Z [jffe ] [ERROR] [                ] [                              ] [main                ] - ArtifactoryClient::http [get] request to /api/system/ping failed with 404 code
2021-03-12T13:07:42.510Z [jffe ] [INFO ] [                ] [                              ] [main                ] - pinging artifactory, attempt number 80
2021-03-12T13:07:42.543Z [jffe ] [ERROR] [                ] [                              ] [main                ] - ArtifactoryClient::http [get] request to /api/system/ping failed with 503 code
2021-03-12T13:07:42.544Z [jffe ] [INFO ] [                ] [                              ] [main                ] - pinging artifactory attempt number 80 failed with code : undefined
2021-03-12T13:07:43.592Z [jffe ] [ERROR] [                ] [                              ] [main                ] - ArtifactoryClient::http [get] request to /api/system/ping failed with 503 code
2021-03-12T13:07:44.637Z [jffe ] [ERROR] [                ] [                              ] [main                ] - ArtifactoryClient::http [get] request to /api/system/ping failed with 503 code
2021-03-12T13:07:45.674Z [jffe ] [ERROR] [                ] [                              ] [main                ] - ArtifactoryClient::http [get] request to /api/system/ping failed with 503 code
2021-03-12T13:07:46.749Z [jffe ] [ERROR] [                ] [                              ] [main                ] - ArtifactoryClient::http [get] request to /api/system/ping failed with 503 code
2021-03-12T13:07:47.807Z [jffe ] [ERROR] [                ] [                              ] [main                ] - ArtifactoryClient::http [get] request to /api/system/ping failed with 503 code
2021-03-12T13:07:48.960Z [jffe ] [ERROR] [                ] [                              ] [main                ] - ArtifactoryClient::http [get] request to /api/system/ping failed with 503 code
2021-03-12T13:07:50.014Z [jffe ] [ERROR] [                ] [                              ] [main                ] - ArtifactoryClient::http [get] request to /api/system/ping failed with 503 code
2021-03-12T13:07:51.068Z [jffe ] [ERROR] [                ] [                              ] [main                ] - ArtifactoryClient::http [get] request to /api/system/ping failed with 503 code
2021-03-12T13:07:52.099Z [jffe ] [ERROR] [                ] [                              ] [main                ] - ArtifactoryClient::http [get] request to /api/system/ping failed with 503 code
2021-03-12T13:07:53.104Z [jffe ] [INFO ] [                ] [                              ] [main                ] - pinging artifactory, attempt number 90
2021-03-12T13:07:53.195Z [jffe ] [ERROR] [                ] [                              ] [main                ] - ArtifactoryClient::http [get] request to /api/system/ping failed with 503 code
2021-03-12T13:07:53.196Z [jffe ] [INFO ] [                ] [                              ] [main                ] - pinging artifactory attempt number 90 failed with code : undefined
2021-03-12T13:07:54.210Z [jffe ] [ERROR] [                ] [                              ] [main                ] - ArtifactoryClient::http [get] request to /api/system/ping failed with 503 code
2021-03-12T13:07:55.231Z [jffe ] [ERROR] [                ] [                              ] [main                ] - ArtifactoryClient::http [get] request to /api/system/ping failed with 503 code
2021-03-12T13:07:56.296Z [jffe ] [ERROR] [                ] [                              ] [main                ] - ArtifactoryClient::http [get] request to /api/system/ping failed with 503 code
2021-03-12T13:07:57.352Z [jffe ] [ERROR] [                ] [                              ] [main                ] - ArtifactoryClient::http [get] request to /api/system/ping failed with 503 code
2021-03-12T13:07:58.547Z [jffe ] [ERROR] [                ] [                              ] [main                ] - ArtifactoryClient::http [get] request to /api/system/ping failed with 503 code
2021-03-12T13:07:59.577Z [jffe ] [ERROR] [                ] [                              ] [main                ] - ArtifactoryClient::http [get] request to /api/system/ping failed with 503 code
2021-03-12T13:08:00.729Z [jffe ] [ERROR] [                ] [                              ] [main                ] - ArtifactoryClient::http [get] request to /api/system/ping failed with 503 code
2021-03-12T13:08:01.794Z [jffe ] [ERROR] [                ] [                              ] [main                ] - ArtifactoryClient::http [get] request to /api/system/ping failed with 503 code
2021-03-12T13:08:02.818Z [jffe ] [ERROR] [                ] [                              ] [main                ] - ArtifactoryClient::http [get] request to /api/system/ping failed with 503 code
2021-03-12T13:08:03.826Z [jffe ] [INFO ] [                ] [                              ] [main                ] - pinging artifactory, attempt number 100
2021-03-12T13:08:03.891Z [jffe ] [ERROR] [                ] [                              ] [main                ] - ArtifactoryClient::http [get] request to /api/system/ping failed with 503 code
2021-03-12T13:08:03.893Z [jffe ] [INFO ] [                ] [                              ] [main                ] - pinging artifactory attempt number 100 failed with code : undefined
2021-03-12T13:08:04.937Z [jffe ] [ERROR] [                ] [                              ] [main                ] - ArtifactoryClient::http [get] request to /api/system/ping failed with 503 code
2021-03-12T13:08:05.992Z [jffe ] [ERROR] [                ] [                              ] [main                ] - ArtifactoryClient::http [get] request to /api/system/ping failed with 503 code
2021-03-12T13:08:07.033Z [jffe ] [ERROR] [                ] [                              ] [main                ] - ArtifactoryClient::http [get] request to /api/system/ping failed with 503 code
2021-03-12T13:08:08.479Z [jffe ] [ERROR] [                ] [                              ] [main                ] - ArtifactoryClient::http [get] request to /api/system/ping failed with 503 code
2021-03-12T13:08:10.474Z [jffe ] [INFO ] [                ] [                              ] [main                ] - artifactory was pinged successfully
2021-03-12T13:08:10.478Z [jffe ] [INFO ] [                ] [                              ] [main                ] - setting service id - jffe@000
2021-03-12T13:08:10.720Z [jffe ] [INFO ] [                ] [                              ] [main                ] - Cluster join: Successfully joined the cluster
2021-03-12T13:08:10.834Z [jffe ] [INFO ] [                ] [                              ] [main                ] - UI service successfully registered on router, serviceId: jffe@000
2021-03-12T13:08:18.702Z [jffe ] [INFO ] [                ] [                              ] [main                ] - Recurring tasks started
2021-03-12T13:08:24.165Z [jffe ] [INFO ] [                ] [                              ] [main                ] - frontend (jffe) service initialization completed in 125.10 seconds. Listening on port: port 8070
