2021-02-22T17:16:59.403Z [jfrou] [INFO ] [                ] [server.go:577                 ] [main                ] - Preparing server internal &{Address:localhost:8046 TLS:<nil> Redirect:<nil> Auth:<nil> WhitelistSourceRange:[] WhiteList:<nil> Compress:false ProxyProtocol:<nil> ForwardedHeaders:0xc000d08f60} with readTimeout=0s writeTimeout=0s idleTimeout=3m0s
2021-02-22T17:16:59.404Z [jfrou] [INFO ] [                ] [server.go:577                 ] [main                ] - Preparing server api &{Address:localhost:8049 TLS:<nil> Redirect:<nil> Auth:<nil> WhitelistSourceRange:[] WhiteList:<nil> Compress:false ProxyProtocol:<nil> ForwardedHeaders:0xc000d08f80} with readTimeout=0s writeTimeout=0s idleTimeout=3m0s
2021-02-22T17:16:59.405Z [jfrou] [INFO ] [                ] [server.go:533                 ] [main                ] - Starting server on localhost:8046
2021-02-22T17:16:59.409Z [jfrou] [INFO ] [                ] [server.go:577                 ] [main                ] - Preparing server external &{Address::8082 TLS:<nil> Redirect:<nil> Auth:<nil> WhitelistSourceRange:[] WhiteList:<nil> Compress:false ProxyProtocol:<nil> ForwardedHeaders:0xc000d08fa0} with readTimeout=0s writeTimeout=0s idleTimeout=3m0s
2021-02-22T17:16:59.409Z [jfrou] [INFO ] [                ] [server.go:533                 ] [main                ] - Starting server on localhost:8049
2021-02-22T17:16:59.410Z [jfrou] [INFO ] [                ] [server.go:423                 ] [main                ] - Starting provider configuration.ProviderAggregator {}
2021-02-22T17:16:59.411Z [jfrou] [INFO ] [                ] [server.go:533                 ] [main                ] - Starting server on :8082
2021-02-22T17:16:59.412Z [jfrou] [INFO ] [                ] [provider_aggregator.go:103    ] [main                ] - Starting provider *file.Provider {"Watch":true,"Filename":"","Constraints":null,"Trace":false,"TemplateVersion":0,"DebugLogGeneratedTemplate":false,"Directory":"/opt/jfrog/artifactory/var/data/router/traefik/routes","TraefikFile":""}
2021-02-22T17:16:59.414Z [jfrou] [INFO ] [                ] [server_configuration.go:61    ] [main                ] - Server configuration reloaded on localhost:8046
2021-02-22T17:16:59.415Z [jfrou] [INFO ] [                ] [server_configuration.go:61    ] [main                ] - Server configuration reloaded on localhost:8049
2021-02-22T17:16:59.415Z [jfrou] [INFO ] [                ] [server_configuration.go:61    ] [main                ] - Server configuration reloaded on :8082
2021-02-22T17:16:59.736Z [jfrou] [INFO ] [                ] [server_configuration.go:465   ] [main                ] - Skipping same configuration for provider file
2021-02-22T17:17:01.416Z [jfrou] [INFO ] [                ] [server_configuration.go:61    ] [main                ] - Server configuration reloaded on localhost:8046
2021-02-22T17:17:01.417Z [jfrou] [INFO ] [                ] [server_configuration.go:61    ] [main                ] - Server configuration reloaded on localhost:8049
2021-02-22T17:17:01.417Z [jfrou] [INFO ] [                ] [server_configuration.go:61    ] [main                ] - Server configuration reloaded on :8082
2021-02-22T17:17:03.416Z [jfrou] [INFO ] [                ] [server_configuration.go:61    ] [main                ] - Server configuration reloaded on localhost:8049
2021-02-22T17:17:03.417Z [jfrou] [INFO ] [                ] [server_configuration.go:61    ] [main                ] - Server configuration reloaded on :8082
2021-02-22T17:17:03.417Z [jfrou] [INFO ] [                ] [server_configuration.go:61    ] [main                ] - Server configuration reloaded on localhost:8046
2021-02-22T17:17:05.429Z [jfrou] [INFO ] [                ] [server_configuration.go:61    ] [main                ] - Server configuration reloaded on :8082
2021-02-22T17:17:05.434Z [jfrou] [INFO ] [                ] [server_configuration.go:61    ] [main                ] - Server configuration reloaded on localhost:8046
2021-02-22T17:17:05.434Z [jfrou] [INFO ] [                ] [server_configuration.go:61    ] [main                ] - Server configuration reloaded on localhost:8049
2021-02-22T17:17:33.058Z [jfrou] [INFO ] [                ] [server_configuration.go:61    ] [main                ] - Server configuration reloaded on :8082
2021-02-22T17:17:33.058Z [jfrou] [INFO ] [                ] [server_configuration.go:61    ] [main                ] - Server configuration reloaded on localhost:8046
2021-02-22T17:17:33.058Z [jfrou] [INFO ] [                ] [server_configuration.go:61    ] [main                ] - Server configuration reloaded on localhost:8049
2021-02-22T17:18:03.076Z [jfrou] [INFO ] [                ] [server_configuration.go:61    ] [main                ] - Server configuration reloaded on localhost:8046
2021-02-22T17:18:03.076Z [jfrou] [INFO ] [                ] [server_configuration.go:61    ] [main                ] - Server configuration reloaded on localhost:8049
2021-02-22T17:18:03.076Z [jfrou] [INFO ] [                ] [server_configuration.go:61    ] [main                ] - Server configuration reloaded on :8082
2021-02-22T17:18:14.530Z [jfrou] [INFO ] [                ] [server_configuration.go:61    ] [main                ] - Server configuration reloaded on localhost:8046
2021-02-22T17:18:14.531Z [jfrou] [INFO ] [                ] [server_configuration.go:61    ] [main                ] - Server configuration reloaded on localhost:8049
2021-02-22T17:18:14.535Z [jfrou] [INFO ] [                ] [server_configuration.go:61    ] [main                ] - Server configuration reloaded on :8082
2021-02-22T17:18:17.727Z [jfrou] [INFO ] [                ] [server_configuration.go:61    ] [main                ] - Server configuration reloaded on localhost:8046
2021-02-22T17:18:17.727Z [jfrou] [INFO ] [                ] [server_configuration.go:61    ] [main                ] - Server configuration reloaded on localhost:8049
2021-02-22T17:18:17.728Z [jfrou] [INFO ] [                ] [server_configuration.go:61    ] [main                ] - Server configuration reloaded on :8082
2021-02-22T19:59:51.955Z [jfrou] [INFO ] [                ] [server_configuration.go:61    ] [main                ] - Server configuration reloaded on localhost:8049
2021-02-22T19:59:51.955Z [jfrou] [INFO ] [                ] [server_configuration.go:61    ] [main                ] - Server configuration reloaded on :8082
2021-02-22T19:59:51.955Z [jfrou] [INFO ] [                ] [server_configuration.go:61    ] [main                ] - Server configuration reloaded on localhost:8046
2021-02-22T19:59:53.948Z [jfrou] [INFO ] [                ] [server_configuration.go:61    ] [main                ] - Server configuration reloaded on :8082
2021-02-22T19:59:53.948Z [jfrou] [INFO ] [                ] [server_configuration.go:61    ] [main                ] - Server configuration reloaded on localhost:8046
2021-02-22T19:59:53.949Z [jfrou] [INFO ] [                ] [server_configuration.go:61    ] [main                ] - Server configuration reloaded on localhost:8049
2021-03-01T14:55:45.249Z [jfrou] [INFO ] [                ] [server.go:577                 ] [main                ] - Preparing server internal &{Address:localhost:8046 TLS:<nil> Redirect:<nil> Auth:<nil> WhitelistSourceRange:[] WhiteList:<nil> Compress:false ProxyProtocol:<nil> ForwardedHeaders:0xc00054a080} with readTimeout=0s writeTimeout=0s idleTimeout=3m0s
2021-03-01T14:55:45.251Z [jfrou] [INFO ] [                ] [server.go:577                 ] [main                ] - Preparing server api &{Address:localhost:8049 TLS:<nil> Redirect:<nil> Auth:<nil> WhitelistSourceRange:[] WhiteList:<nil> Compress:false ProxyProtocol:<nil> ForwardedHeaders:0xc00054a0a0} with readTimeout=0s writeTimeout=0s idleTimeout=3m0s
2021-03-01T14:55:45.252Z [jfrou] [INFO ] [                ] [server.go:577                 ] [main                ] - Preparing server external &{Address::8082 TLS:<nil> Redirect:<nil> Auth:<nil> WhitelistSourceRange:[] WhiteList:<nil> Compress:false ProxyProtocol:<nil> ForwardedHeaders:0xc00054a0c0} with readTimeout=0s writeTimeout=0s idleTimeout=3m0s
2021-03-01T14:55:45.253Z [jfrou] [INFO ] [                ] [server.go:423                 ] [main                ] - Starting provider configuration.ProviderAggregator {}
2021-03-01T14:55:45.254Z [jfrou] [INFO ] [                ] [server.go:533                 ] [main                ] - Starting server on localhost:8046
2021-03-01T14:55:45.254Z [jfrou] [INFO ] [                ] [server.go:533                 ] [main                ] - Starting server on localhost:8049
2021-03-01T14:55:45.254Z [jfrou] [INFO ] [                ] [server.go:533                 ] [main                ] - Starting server on :8082
2021-03-01T14:55:45.258Z [jfrou] [INFO ] [                ] [provider_aggregator.go:103    ] [main                ] - Starting provider *file.Provider {"Watch":true,"Filename":"","Constraints":null,"Trace":false,"TemplateVersion":0,"DebugLogGeneratedTemplate":false,"Directory":"/opt/jfrog/artifactory/var/data/router/traefik/routes","TraefikFile":""}
2021-03-01T14:55:45.272Z [jfrou] [INFO ] [                ] [server_configuration.go:61    ] [main                ] - Server configuration reloaded on localhost:8049
2021-03-01T14:55:45.273Z [jfrou] [INFO ] [                ] [server_configuration.go:61    ] [main                ] - Server configuration reloaded on :8082
2021-03-01T14:55:45.273Z [jfrou] [INFO ] [                ] [server_configuration.go:61    ] [main                ] - Server configuration reloaded on localhost:8046
2021-03-01T14:55:45.416Z [jfrou] [INFO ] [                ] [server_configuration.go:465   ] [main                ] - Skipping same configuration for provider file
2021-03-01T14:55:47.273Z [jfrou] [INFO ] [                ] [server_configuration.go:61    ] [main                ] - Server configuration reloaded on localhost:8046
2021-03-01T14:55:47.273Z [jfrou] [INFO ] [                ] [server_configuration.go:61    ] [main                ] - Server configuration reloaded on localhost:8049
2021-03-01T14:55:47.274Z [jfrou] [INFO ] [                ] [server_configuration.go:61    ] [main                ] - Server configuration reloaded on :8082
2021-03-01T14:55:47.651Z [jfrou] [INFO ] [                ] [server_configuration.go:465   ] [main                ] - Skipping same configuration for provider file
2021-03-01T14:55:48.183Z [jfrou] [INFO ] [                ] [server_configuration.go:465   ] [main                ] - Skipping same configuration for provider file
2021-03-01T14:55:56.642Z [jfrou] [INFO ] [                ] [server_configuration.go:61    ] [main                ] - Server configuration reloaded on localhost:8046
2021-03-01T14:55:56.643Z [jfrou] [INFO ] [                ] [server_configuration.go:61    ] [main                ] - Server configuration reloaded on localhost:8049
2021-03-01T14:55:56.643Z [jfrou] [INFO ] [                ] [server_configuration.go:61    ] [main                ] - Server configuration reloaded on :8082
2021-03-01T14:56:11.404Z [jfrou] [INFO ] [                ] [server_configuration.go:465   ] [main                ] - Skipping same configuration for provider file
2021-03-01T14:56:20.299Z [jfrou] [INFO ] [                ] [server_configuration.go:61    ] [main                ] - Server configuration reloaded on localhost:8046
2021-03-01T14:56:20.300Z [jfrou] [INFO ] [                ] [server_configuration.go:61    ] [main                ] - Server configuration reloaded on localhost:8049
2021-03-01T14:56:20.300Z [jfrou] [INFO ] [                ] [server_configuration.go:61    ] [main                ] - Server configuration reloaded on :8082
2021-03-01T14:56:22.311Z [jfrou] [INFO ] [                ] [server_configuration.go:61    ] [main                ] - Server configuration reloaded on localhost:8046
2021-03-01T14:56:22.311Z [jfrou] [INFO ] [                ] [server_configuration.go:61    ] [main                ] - Server configuration reloaded on localhost:8049
2021-03-01T14:56:22.311Z [jfrou] [INFO ] [                ] [server_configuration.go:61    ] [main                ] - Server configuration reloaded on :8082
2021-03-01T17:48:06.709Z [jfrou] [INFO ] [                ] [server_configuration.go:61    ] [main                ] - Server configuration reloaded on localhost:8046
2021-03-01T17:48:06.714Z [jfrou] [INFO ] [                ] [server_configuration.go:61    ] [main                ] - Server configuration reloaded on localhost:8049
2021-03-01T17:48:06.715Z [jfrou] [INFO ] [                ] [server_configuration.go:61    ] [main                ] - Server configuration reloaded on :8082
2021-03-01T17:48:06.719Z [jfrou] [INFO ] [                ] [server_configuration.go:465   ] [main                ] - Skipping same configuration for provider file
2021-03-01T17:48:12.360Z [jfrou] [INFO ] [                ] [server_configuration.go:61    ] [main                ] - Server configuration reloaded on localhost:8046
2021-03-01T17:48:12.360Z [jfrou] [INFO ] [                ] [server_configuration.go:61    ] [main                ] - Server configuration reloaded on localhost:8049
2021-03-01T17:48:12.360Z [jfrou] [INFO ] [                ] [server_configuration.go:61    ] [main                ] - Server configuration reloaded on :8082
2021-03-01T17:48:14.362Z [jfrou] [INFO ] [                ] [server_configuration.go:61    ] [main                ] - Server configuration reloaded on localhost:8046
2021-03-01T17:48:14.362Z [jfrou] [INFO ] [                ] [server_configuration.go:61    ] [main                ] - Server configuration reloaded on localhost:8049
2021-03-01T17:48:14.363Z [jfrou] [INFO ] [                ] [server_configuration.go:61    ] [main                ] - Server configuration reloaded on :8082
2021-03-01T17:55:59.909Z [jfrou] [INFO ] [                ] [server_configuration.go:61    ] [main                ] - Server configuration reloaded on localhost:8049
2021-03-01T17:55:59.956Z [jfrou] [INFO ] [                ] [server_configuration.go:61    ] [main                ] - Server configuration reloaded on :8082
2021-03-01T17:55:59.956Z [jfrou] [INFO ] [                ] [server_configuration.go:61    ] [main                ] - Server configuration reloaded on localhost:8046
2021-03-01T17:56:55.853Z [jfrou] [INFO ] [                ] [server_configuration.go:61    ] [main                ] - Server configuration reloaded on :8082
2021-03-01T17:56:55.866Z [jfrou] [INFO ] [                ] [server_configuration.go:61    ] [main                ] - Server configuration reloaded on localhost:8046
2021-03-01T17:56:55.866Z [jfrou] [INFO ] [                ] [server_configuration.go:61    ] [main                ] - Server configuration reloaded on localhost:8049
2021-03-01T17:56:57.684Z [jfrou] [INFO ] [                ] [server_configuration.go:61    ] [main                ] - Server configuration reloaded on localhost:8046
2021-03-01T17:56:57.684Z [jfrou] [INFO ] [                ] [server_configuration.go:61    ] [main                ] - Server configuration reloaded on localhost:8049
2021-03-01T17:56:57.685Z [jfrou] [INFO ] [                ] [server_configuration.go:61    ] [main                ] - Server configuration reloaded on :8082
2021-03-01T17:56:59.694Z [jfrou] [INFO ] [                ] [server_configuration.go:61    ] [main                ] - Server configuration reloaded on localhost:8046
2021-03-01T17:56:59.694Z [jfrou] [INFO ] [                ] [server_configuration.go:61    ] [main                ] - Server configuration reloaded on localhost:8049
2021-03-01T17:56:59.694Z [jfrou] [INFO ] [                ] [server_configuration.go:61    ] [main                ] - Server configuration reloaded on :8082
2021-03-01T18:13:36.843Z [jfrou] [INFO ] [                ] [server_configuration.go:61    ] [main                ] - Server configuration reloaded on localhost:8046
2021-03-01T18:13:36.935Z [jfrou] [INFO ] [                ] [server_configuration.go:61    ] [main                ] - Server configuration reloaded on localhost:8049
2021-03-01T18:13:36.935Z [jfrou] [INFO ] [                ] [server_configuration.go:61    ] [main                ] - Server configuration reloaded on :8082
2021-03-01T18:13:40.154Z [jfrou] [INFO ] [                ] [server_configuration.go:61    ] [main                ] - Server configuration reloaded on localhost:8049
2021-03-01T18:13:40.155Z [jfrou] [INFO ] [                ] [server_configuration.go:61    ] [main                ] - Server configuration reloaded on :8082
2021-03-01T18:13:40.161Z [jfrou] [INFO ] [                ] [server_configuration.go:61    ] [main                ] - Server configuration reloaded on localhost:8046
2021-03-01T18:37:53.005Z [jfrou] [INFO ] [                ] [server_configuration.go:465   ] [main                ] - Skipping same configuration for provider file
2021-03-01T18:37:53.012Z [jfrou] [INFO ] [                ] [server_configuration.go:61    ] [main                ] - Server configuration reloaded on localhost:8046
2021-03-01T18:37:53.052Z [jfrou] [INFO ] [                ] [server_configuration.go:61    ] [main                ] - Server configuration reloaded on localhost:8049
2021-03-01T18:37:53.052Z [jfrou] [INFO ] [                ] [server_configuration.go:61    ] [main                ] - Server configuration reloaded on :8082
2021-03-01T18:37:57.844Z [jfrou] [INFO ] [                ] [server_configuration.go:61    ] [main                ] - Server configuration reloaded on localhost:8046
2021-03-01T18:37:57.849Z [jfrou] [INFO ] [                ] [server_configuration.go:61    ] [main                ] - Server configuration reloaded on localhost:8049
2021-03-01T18:37:57.849Z [jfrou] [INFO ] [                ] [server_configuration.go:61    ] [main                ] - Server configuration reloaded on :8082
2021-03-01T18:37:59.848Z [jfrou] [INFO ] [                ] [server_configuration.go:61    ] [main                ] - Server configuration reloaded on localhost:8046
2021-03-01T18:37:59.848Z [jfrou] [INFO ] [                ] [server_configuration.go:61    ] [main                ] - Server configuration reloaded on localhost:8049
2021-03-01T18:37:59.848Z [jfrou] [INFO ] [                ] [server_configuration.go:61    ] [main                ] - Server configuration reloaded on :8082
2021-03-01T18:38:08.899Z [jfrou] [INFO ] [                ] [server_configuration.go:61    ] [main                ] - Server configuration reloaded on localhost:8046
2021-03-01T18:38:08.900Z [jfrou] [INFO ] [                ] [server_configuration.go:61    ] [main                ] - Server configuration reloaded on localhost:8049
2021-03-01T18:38:08.901Z [jfrou] [INFO ] [                ] [server_configuration.go:61    ] [main                ] - Server configuration reloaded on :8082
2021-03-12T13:07:29.762Z [jfrou] [INFO ] [                ] [server.go:577                 ] [main                ] - Preparing server external &{Address::8082 TLS:<nil> Redirect:<nil> Auth:<nil> WhitelistSourceRange:[] WhiteList:<nil> Compress:false ProxyProtocol:<nil> ForwardedHeaders:0xc00061a740} with readTimeout=0s writeTimeout=0s idleTimeout=3m0s
2021-03-12T13:07:29.776Z [jfrou] [INFO ] [                ] [server.go:577                 ] [main                ] - Preparing server internal &{Address:localhost:8046 TLS:<nil> Redirect:<nil> Auth:<nil> WhitelistSourceRange:[] WhiteList:<nil> Compress:false ProxyProtocol:<nil> ForwardedHeaders:0xc00061a700} with readTimeout=0s writeTimeout=0s idleTimeout=3m0s
2021-03-12T13:07:29.778Z [jfrou] [INFO ] [                ] [server.go:577                 ] [main                ] - Preparing server api &{Address:localhost:8049 TLS:<nil> Redirect:<nil> Auth:<nil> WhitelistSourceRange:[] WhiteList:<nil> Compress:false ProxyProtocol:<nil> ForwardedHeaders:0xc00061a720} with readTimeout=0s writeTimeout=0s idleTimeout=3m0s
2021-03-12T13:07:29.783Z [jfrou] [INFO ] [                ] [server.go:533                 ] [main                ] - Starting server on :8082
2021-03-12T13:07:29.785Z [jfrou] [INFO ] [                ] [server.go:533                 ] [main                ] - Starting server on localhost:8046
2021-03-12T13:07:29.790Z [jfrou] [INFO ] [                ] [server.go:423                 ] [main                ] - Starting provider configuration.ProviderAggregator {}
2021-03-12T13:07:29.790Z [jfrou] [INFO ] [                ] [server.go:533                 ] [main                ] - Starting server on localhost:8049
2021-03-12T13:07:29.794Z [jfrou] [INFO ] [                ] [provider_aggregator.go:103    ] [main                ] - Starting provider *file.Provider {"Watch":true,"Filename":"","Constraints":null,"Trace":false,"TemplateVersion":0,"DebugLogGeneratedTemplate":false,"Directory":"/opt/jfrog/artifactory/var/data/router/traefik/routes","TraefikFile":""}
2021-03-12T13:07:29.820Z [jfrou] [INFO ] [                ] [server_configuration.go:61    ] [main                ] - Server configuration reloaded on localhost:8046
2021-03-12T13:07:29.830Z [jfrou] [INFO ] [                ] [server_configuration.go:61    ] [main                ] - Server configuration reloaded on localhost:8049
2021-03-12T13:07:29.831Z [jfrou] [INFO ] [                ] [server_configuration.go:61    ] [main                ] - Server configuration reloaded on :8082
2021-03-12T13:07:30.390Z [jfrou] [INFO ] [                ] [server_configuration.go:465   ] [main                ] - Skipping same configuration for provider file
2021-03-12T13:07:31.801Z [jfrou] [INFO ] [                ] [server_configuration.go:61    ] [main                ] - Server configuration reloaded on :8082
2021-03-12T13:07:31.802Z [jfrou] [INFO ] [                ] [server_configuration.go:61    ] [main                ] - Server configuration reloaded on localhost:8046
2021-03-12T13:07:31.802Z [jfrou] [INFO ] [                ] [server_configuration.go:61    ] [main                ] - Server configuration reloaded on localhost:8049
2021-03-12T13:07:37.074Z [jfrou] [INFO ] [                ] [server_configuration.go:61    ] [main                ] - Server configuration reloaded on localhost:8046
2021-03-12T13:07:37.074Z [jfrou] [INFO ] [                ] [server_configuration.go:61    ] [main                ] - Server configuration reloaded on localhost:8049
2021-03-12T13:07:37.075Z [jfrou] [INFO ] [                ] [server_configuration.go:61    ] [main                ] - Server configuration reloaded on :8082
2021-03-12T13:07:39.074Z [jfrou] [INFO ] [                ] [server_configuration.go:61    ] [main                ] - Server configuration reloaded on localhost:8046
2021-03-12T13:07:39.075Z [jfrou] [INFO ] [                ] [server_configuration.go:61    ] [main                ] - Server configuration reloaded on localhost:8049
2021-03-12T13:07:39.076Z [jfrou] [INFO ] [                ] [server_configuration.go:61    ] [main                ] - Server configuration reloaded on :8082
2021-03-12T13:07:42.446Z [jfrou] [INFO ] [                ] [server_configuration.go:61    ] [main                ] - Server configuration reloaded on localhost:8046
2021-03-12T13:07:42.446Z [jfrou] [INFO ] [                ] [server_configuration.go:61    ] [main                ] - Server configuration reloaded on localhost:8049
2021-03-12T13:07:42.446Z [jfrou] [INFO ] [                ] [server_configuration.go:61    ] [main                ] - Server configuration reloaded on :8082
2021-03-12T13:08:10.824Z [jfrou] [INFO ] [                ] [server_configuration.go:61    ] [main                ] - Server configuration reloaded on localhost:8049
2021-03-12T13:08:10.827Z [jfrou] [INFO ] [                ] [server_configuration.go:61    ] [main                ] - Server configuration reloaded on :8082
2021-03-12T13:08:10.828Z [jfrou] [INFO ] [                ] [server_configuration.go:61    ] [main                ] - Server configuration reloaded on localhost:8046
2021-03-12T13:08:30.351Z [jfrou] [INFO ] [                ] [server_configuration.go:61    ] [main                ] - Server configuration reloaded on localhost:8046
2021-03-12T13:08:30.351Z [jfrou] [INFO ] [                ] [server_configuration.go:61    ] [main                ] - Server configuration reloaded on localhost:8049
2021-03-12T13:08:30.351Z [jfrou] [INFO ] [                ] [server_configuration.go:61    ] [main                ] - Server configuration reloaded on :8082
2021-03-12T13:08:33.111Z [jfrou] [INFO ] [                ] [server_configuration.go:61    ] [main                ] - Server configuration reloaded on localhost:8049
2021-03-12T13:08:33.112Z [jfrou] [INFO ] [                ] [server_configuration.go:61    ] [main                ] - Server configuration reloaded on :8082
2021-03-12T13:08:33.113Z [jfrou] [INFO ] [                ] [server_configuration.go:61    ] [main                ] - Server configuration reloaded on localhost:8046
